2024-01-10 14:17:11.679|WARN |monitor-service|11780||c.a.d.c.s.b.f.a.ServiceAnnotationBeanPostProcessor|265 | [DUBBO] The BeanDefinition[Root bean: class [com.alibaba.dubbo.config.spring.ServiceBean]; scope=; abstract=false; lazyInit=false; autowireMode=0; dependencyCheck=0; autowireCandidate=true; primary=false; factoryBeanName=null; factoryMethodName=null; initMethodName=null; destroyMethodName=null] of ServiceBean has been registered with name : ServiceBean:monitorServiceImpl:com.zr.monitor.service.MonitorService, dubbo version: 2.6.2, current host: 10.85.1.10
2024-01-10 14:17:16.599|WARN |monitor-service|25020||c.a.d.c.s.b.f.a.ServiceAnnotationBeanPostProcessor|265 | [DUBBO] The BeanDefinition[Root bean: class [com.alibaba.dubbo.config.spring.ServiceBean]; scope=; abstract=false; lazyInit=false; autowireMode=0; dependencyCheck=0; autowireCandidate=true; primary=false; factoryBeanName=null; factoryMethodName=null; initMethodName=null; destroyMethodName=null] of ServiceBean has been registered with name : ServiceBean:authServiceImpl:com.zr.auth.service.AuthService, dubbo version: 2.6.2, current host: 10.85.1.10
2024-01-10 14:19:34.878|WARN |monitor-service|25020||c.a.d.p.DruidAbstractDataSource|1494|discard long time none received connection. , jdbcUrl : jdbc:mysql://127.0.0.1:3306/ie_system?useSSL=false&useUnicode=true&characterEncoding=utf-8&serverTimezone=GMT, version : 1.2.8, lastPacketReceivedIdleMillis : 136509
2024-01-10 14:19:34.883|WARN |monitor-service|25020||c.a.d.p.DruidAbstractDataSource|1494|discard long time none received connection. , jdbcUrl : jdbc:mysql://127.0.0.1:3306/ie_system?useSSL=false&useUnicode=true&characterEncoding=utf-8&serverTimezone=GMT, version : 1.2.8, lastPacketReceivedIdleMillis : 136526
2024-01-10 14:19:34.886|WARN |monitor-service|25020||c.a.d.p.DruidAbstractDataSource|1494|discard long time none received connection. , jdbcUrl : jdbc:mysql://127.0.0.1:3306/ie_system?useSSL=false&useUnicode=true&characterEncoding=utf-8&serverTimezone=GMT, version : 1.2.8, lastPacketReceivedIdleMillis : 136533
2024-01-10 14:19:35.368|WARN |monitor-service|11780||c.a.d.p.DruidAbstractDataSource|1494|discard long time none received connection. , jdbcUrl : jdbc:mysql://127.0.0.1:3306/ie_system?useSSL=false&useUnicode=true&characterEncoding=utf-8&serverTimezone=GMT, version : 1.2.8, lastPacketReceivedIdleMillis : 141314
2024-01-10 14:19:35.371|WARN |monitor-service|11780||c.a.d.p.DruidAbstractDataSource|1494|discard long time none received connection. , jdbcUrl : jdbc:mysql://127.0.0.1:3306/ie_system?useSSL=false&useUnicode=true&characterEncoding=utf-8&serverTimezone=GMT, version : 1.2.8, lastPacketReceivedIdleMillis : 141331
2024-01-10 14:19:35.373|WARN |monitor-service|11780||c.a.d.p.DruidAbstractDataSource|1494|discard long time none received connection. , jdbcUrl : jdbc:mysql://127.0.0.1:3306/ie_system?useSSL=false&useUnicode=true&characterEncoding=utf-8&serverTimezone=GMT, version : 1.2.8, lastPacketReceivedIdleMillis : 141338
2024-01-10 14:19:35.374|WARN |monitor-service|11780||c.a.d.p.DruidAbstractDataSource|1494|discard long time none received connection. , jdbcUrl : jdbc:mysql://127.0.0.1:3306/ie_system?useSSL=false&useUnicode=true&characterEncoding=utf-8&serverTimezone=GMT, version : 1.2.8, lastPacketReceivedIdleMillis : 141344
2024-01-10 14:19:35.375|WARN |monitor-service|11780||c.a.d.p.DruidAbstractDataSource|1494|discard long time none received connection. , jdbcUrl : jdbc:mysql://127.0.0.1:3306/ie_system?useSSL=false&useUnicode=true&characterEncoding=utf-8&serverTimezone=GMT, version : 1.2.8, lastPacketReceivedIdleMillis : 141358
2024-01-10 14:20:36.053|WARN |monitor-service|25020||c.a.d.p.DruidAbstractDataSource|1494|discard long time none received connection. , jdbcUrl : jdbc:mysql://127.0.0.1:3306/ie_system?useSSL=false&useUnicode=true&characterEncoding=utf-8&serverTimezone=GMT, version : 1.2.8, lastPacketReceivedIdleMillis : 60836
2024-01-10 14:20:36.056|WARN |monitor-service|25020||c.a.d.p.DruidAbstractDataSource|1494|discard long time none received connection. , jdbcUrl : jdbc:mysql://127.0.0.1:3306/ie_system?useSSL=false&useUnicode=true&characterEncoding=utf-8&serverTimezone=GMT, version : 1.2.8, lastPacketReceivedIdleMillis : 61167
2024-01-10 14:20:36.058|WARN |monitor-service|25020||c.a.d.p.DruidAbstractDataSource|1494|discard long time none received connection. , jdbcUrl : jdbc:mysql://127.0.0.1:3306/ie_system?useSSL=false&useUnicode=true&characterEncoding=utf-8&serverTimezone=GMT, version : 1.2.8, lastPacketReceivedIdleMillis : 197708
2024-01-10 14:20:36.059|WARN |monitor-service|25020||c.a.d.p.DruidAbstractDataSource|1494|discard long time none received connection. , jdbcUrl : jdbc:mysql://127.0.0.1:3306/ie_system?useSSL=false&useUnicode=true&characterEncoding=utf-8&serverTimezone=GMT, version : 1.2.8, lastPacketReceivedIdleMillis : 197720
2024-01-10 14:21:16.648|WARN |monitor-service|11780||c.a.d.r.t.AbstractServer |205 | [DUBBO] All clients has discontected from /10.85.1.10:20881. You can graceful shutdown now., dubbo version: 2.6.2, current host: 10.85.1.10
2024-01-10 14:21:16.696|WARN |monitor-service|25020||c.a.d.r.t.AbstractServer |205 | [DUBBO] All clients has discontected from /10.85.1.10:20883. You can graceful shutdown now., dubbo version: 2.6.2, current host: 10.85.1.10
2024-01-10 16:42:19.150|WARN |monitor-service|14236||o.m.s.m.ClassPathMapperScanner|166 |No MyBatis mapper was found in '[com.zr.record]' package. Please check your configuration.
2024-01-10 16:42:19.377|WARN |monitor-service|14236||c.a.d.c.s.b.f.a.ServiceAnnotationBeanPostProcessor|265 | [DUBBO] The BeanDefinition[Root bean: class [com.alibaba.dubbo.config.spring.ServiceBean]; scope=; abstract=false; lazyInit=false; autowireMode=0; dependencyCheck=0; autowireCandidate=true; primary=false; factoryBeanName=null; factoryMethodName=null; initMethodName=null; destroyMethodName=null] of ServiceBean has been registered with name : ServiceBean:recordServiceImpl:com.zr.record.service.RecordService, dubbo version: 2.6.2, current host: 10.85.1.10
2024-01-10 16:42:47.756|WARN |monitor-service|15148||c.a.d.c.s.b.f.a.ServiceAnnotationBeanPostProcessor|265 | [DUBBO] The BeanDefinition[Root bean: class [com.alibaba.dubbo.config.spring.ServiceBean]; scope=; abstract=false; lazyInit=false; autowireMode=0; dependencyCheck=0; autowireCandidate=true; primary=false; factoryBeanName=null; factoryMethodName=null; initMethodName=null; destroyMethodName=null] of ServiceBean has been registered with name : ServiceBean:monitorServiceImpl:com.zr.monitor.service.MonitorService, dubbo version: 2.6.2, current host: 10.85.1.10
2024-01-10 16:42:49.360|WARN |monitor-service|15148||o.s.b.w.s.c.AnnotationConfigServletWebServerApplicationContext|554 |Exception encountered during context initialization - cancelling refresh attempt: org.springframework.beans.factory.UnsatisfiedDependencyException: Error creating bean with name 'reportMapper' defined in file [C:\Users\Kane\Desktop\SWU\软件工程新技术\monitorsystem\monitor-service-provider\target\classes\com\zr\monitor\mapper\ReportMapper.class]: Unsatisfied dependency expressed through bean property 'sqlSessionFactory'; nested exception is org.springframework.beans.factory.BeanCreationException: Error creating bean with name 'sqlSessionFactory' defined in class path resource [org/mybatis/spring/boot/autoconfigure/MybatisAutoConfiguration.class]: Bean instantiation via factory method failed; nested exception is org.springframework.beans.BeanInstantiationException: Failed to instantiate [org.apache.ibatis.session.SqlSessionFactory]: Factory method 'sqlSessionFactory' threw exception; nested exception is org.springframework.core.NestedIOException: Failed to parse mapping resource: 'file [C:\Users\Kane\Desktop\SWU\软件工程新技术\monitorsystem\monitor-service-provider\target\classes\mapper\ReportMapper.xml]'; nested exception is org.apache.ibatis.builder.BuilderException: Error parsing Mapper XML. Cause: org.apache.ibatis.builder.BuilderException: Error resolving class. Cause: org.apache.ibatis.type.TypeException: Could not resolve type alias 'com.zr.monitor.entity.Record'.  Cause: java.lang.ClassNotFoundException: Cannot find class: com.zr.monitor.entity.Record
2024-01-10 16:42:49.406|ERROR|monitor-service|15148||o.s.b.SpringApplication  |858 |Application run failed
org.springframework.beans.factory.UnsatisfiedDependencyException: Error creating bean with name 'reportMapper' defined in file [C:\Users\Kane\Desktop\SWU\软件工程新技术\monitorsystem\monitor-service-provider\target\classes\com\zr\monitor\mapper\ReportMapper.class]: Unsatisfied dependency expressed through bean property 'sqlSessionFactory'; nested exception is org.springframework.beans.factory.BeanCreationException: Error creating bean with name 'sqlSessionFactory' defined in class path resource [org/mybatis/spring/boot/autoconfigure/MybatisAutoConfiguration.class]: Bean instantiation via factory method failed; nested exception is org.springframework.beans.BeanInstantiationException: Failed to instantiate [org.apache.ibatis.session.SqlSessionFactory]: Factory method 'sqlSessionFactory' threw exception; nested exception is org.springframework.core.NestedIOException: Failed to parse mapping resource: 'file [C:\Users\Kane\Desktop\SWU\软件工程新技术\monitorsystem\monitor-service-provider\target\classes\mapper\ReportMapper.xml]'; nested exception is org.apache.ibatis.builder.BuilderException: Error parsing Mapper XML. Cause: org.apache.ibatis.builder.BuilderException: Error resolving class. Cause: org.apache.ibatis.type.TypeException: Could not resolve type alias 'com.zr.monitor.entity.Record'.  Cause: java.lang.ClassNotFoundException: Cannot find class: com.zr.monitor.entity.Record
	at org.springframework.beans.factory.support.AbstractAutowireCapableBeanFactory.autowireByType(AbstractAutowireCapableBeanFactory.java:1482)
	at org.springframework.beans.factory.support.AbstractAutowireCapableBeanFactory.populateBean(AbstractAutowireCapableBeanFactory.java:1362)
	at org.springframework.beans.factory.support.AbstractAutowireCapableBeanFactory.doCreateBean(AbstractAutowireCapableBeanFactory.java:575)
	at org.springframework.beans.factory.support.AbstractAutowireCapableBeanFactory.createBean(AbstractAutowireCapableBeanFactory.java:498)
	at org.springframework.beans.factory.support.AbstractBeanFactory.lambda$doGetBean$0(AbstractBeanFactory.java:320)
	at org.springframework.beans.factory.support.DefaultSingletonBeanRegistry.getSingleton(DefaultSingletonBeanRegistry.java:222)
	at org.springframework.beans.factory.support.AbstractBeanFactory.doGetBean(AbstractBeanFactory.java:318)
	at org.springframework.beans.factory.support.AbstractBeanFactory.getBean(AbstractBeanFactory.java:199)
	at org.springframework.beans.factory.support.DefaultListableBeanFactory.preInstantiateSingletons(DefaultListableBeanFactory.java:827)
	at org.springframework.context.support.AbstractApplicationContext.finishBeanFactoryInitialization(AbstractApplicationContext.java:863)
	at org.springframework.context.support.AbstractApplicationContext.refresh(AbstractApplicationContext.java:546)
	at org.springframework.boot.web.servlet.context.ServletWebServerApplicationContext.refresh(ServletWebServerApplicationContext.java:142)
	at org.springframework.boot.SpringApplication.refresh(SpringApplication.java:775)
	at org.springframework.boot.SpringApplication.refreshContext(SpringApplication.java:397)
	at org.springframework.boot.SpringApplication.run(SpringApplication.java:316)
	at org.springframework.boot.SpringApplication.run(SpringApplication.java:1260)
	at org.springframework.boot.SpringApplication.run(SpringApplication.java:1248)
	at com.zr.monitor.MonitorMainApplication.main(MonitorMainApplication.java:17)
Caused by: org.springframework.beans.factory.BeanCreationException: Error creating bean with name 'sqlSessionFactory' defined in class path resource [org/mybatis/spring/boot/autoconfigure/MybatisAutoConfiguration.class]: Bean instantiation via factory method failed; nested exception is org.springframework.beans.BeanInstantiationException: Failed to instantiate [org.apache.ibatis.session.SqlSessionFactory]: Factory method 'sqlSessionFactory' threw exception; nested exception is org.springframework.core.NestedIOException: Failed to parse mapping resource: 'file [C:\Users\Kane\Desktop\SWU\软件工程新技术\monitorsystem\monitor-service-provider\target\classes\mapper\ReportMapper.xml]'; nested exception is org.apache.ibatis.builder.BuilderException: Error parsing Mapper XML. Cause: org.apache.ibatis.builder.BuilderException: Error resolving class. Cause: org.apache.ibatis.type.TypeException: Could not resolve type alias 'com.zr.monitor.entity.Record'.  Cause: java.lang.ClassNotFoundException: Cannot find class: com.zr.monitor.entity.Record
	at org.springframework.beans.factory.support.ConstructorResolver.instantiate(ConstructorResolver.java:627)
	at org.springframework.beans.factory.support.ConstructorResolver.instantiateUsingFactoryMethod(ConstructorResolver.java:607)
	at org.springframework.beans.factory.support.AbstractAutowireCapableBeanFactory.instantiateUsingFactoryMethod(AbstractAutowireCapableBeanFactory.java:1288)
	at org.springframework.beans.factory.support.AbstractAutowireCapableBeanFactory.createBeanInstance(AbstractAutowireCapableBeanFactory.java:1127)
	at org.springframework.beans.factory.support.AbstractAutowireCapableBeanFactory.doCreateBean(AbstractAutowireCapableBeanFactory.java:538)
	at org.springframework.beans.factory.support.AbstractAutowireCapableBeanFactory.createBean(AbstractAutowireCapableBeanFactory.java:498)
	at org.springframework.beans.factory.support.AbstractBeanFactory.lambda$doGetBean$0(AbstractBeanFactory.java:320)
	at org.springframework.beans.factory.support.DefaultSingletonBeanRegistry.getSingleton(DefaultSingletonBeanRegistry.java:222)
	at org.springframework.beans.factory.support.AbstractBeanFactory.doGetBean(AbstractBeanFactory.java:318)
	at org.springframework.beans.factory.support.AbstractBeanFactory.getBean(AbstractBeanFactory.java:199)
	at org.springframework.beans.factory.config.DependencyDescriptor.resolveCandidate(DependencyDescriptor.java:273)
	at org.springframework.beans.factory.support.DefaultListableBeanFactory.doResolveDependency(DefaultListableBeanFactory.java:1237)
	at org.springframework.beans.factory.support.DefaultListableBeanFactory.resolveDependency(DefaultListableBeanFactory.java:1164)
	at org.springframework.beans.factory.support.AbstractAutowireCapableBeanFactory.autowireByType(AbstractAutowireCapableBeanFactory.java:1467)
	... 17 common frames omitted
Caused by: org.springframework.beans.BeanInstantiationException: Failed to instantiate [org.apache.ibatis.session.SqlSessionFactory]: Factory method 'sqlSessionFactory' threw exception; nested exception is org.springframework.core.NestedIOException: Failed to parse mapping resource: 'file [C:\Users\Kane\Desktop\SWU\软件工程新技术\monitorsystem\monitor-service-provider\target\classes\mapper\ReportMapper.xml]'; nested exception is org.apache.ibatis.builder.BuilderException: Error parsing Mapper XML. Cause: org.apache.ibatis.builder.BuilderException: Error resolving class. Cause: org.apache.ibatis.type.TypeException: Could not resolve type alias 'com.zr.monitor.entity.Record'.  Cause: java.lang.ClassNotFoundException: Cannot find class: com.zr.monitor.entity.Record
	at org.springframework.beans.factory.support.SimpleInstantiationStrategy.instantiate(SimpleInstantiationStrategy.java:185)
	at org.springframework.beans.factory.support.ConstructorResolver.instantiate(ConstructorResolver.java:622)
	... 30 common frames omitted
Caused by: org.springframework.core.NestedIOException: Failed to parse mapping resource: 'file [C:\Users\Kane\Desktop\SWU\软件工程新技术\monitorsystem\monitor-service-provider\target\classes\mapper\ReportMapper.xml]'; nested exception is org.apache.ibatis.builder.BuilderException: Error parsing Mapper XML. Cause: org.apache.ibatis.builder.BuilderException: Error resolving class. Cause: org.apache.ibatis.type.TypeException: Could not resolve type alias 'com.zr.monitor.entity.Record'.  Cause: java.lang.ClassNotFoundException: Cannot find class: com.zr.monitor.entity.Record
	at org.mybatis.spring.SqlSessionFactoryBean.buildSqlSessionFactory(SqlSessionFactoryBean.java:523)
	at org.mybatis.spring.SqlSessionFactoryBean.afterPropertiesSet(SqlSessionFactoryBean.java:380)
	at org.mybatis.spring.SqlSessionFactoryBean.getObject(SqlSessionFactoryBean.java:547)
	at org.mybatis.spring.boot.autoconfigure.MybatisAutoConfiguration.sqlSessionFactory(MybatisAutoConfiguration.java:153)
	at org.mybatis.spring.boot.autoconfigure.MybatisAutoConfiguration$$EnhancerBySpringCGLIB$$536bfd94.CGLIB$sqlSessionFactory$0(<generated>)
	at org.mybatis.spring.boot.autoconfigure.MybatisAutoConfiguration$$EnhancerBySpringCGLIB$$536bfd94$$FastClassBySpringCGLIB$$3c21db91.invoke(<generated>)
	at org.springframework.cglib.proxy.MethodProxy.invokeSuper(MethodProxy.java:244)
	at org.springframework.context.annotation.ConfigurationClassEnhancer$BeanMethodInterceptor.intercept(ConfigurationClassEnhancer.java:363)
	at org.mybatis.spring.boot.autoconfigure.MybatisAutoConfiguration$$EnhancerBySpringCGLIB$$536bfd94.sqlSessionFactory(<generated>)
	at sun.reflect.NativeMethodAccessorImpl.invoke0(Native Method)
	at sun.reflect.NativeMethodAccessorImpl.invoke(NativeMethodAccessorImpl.java:62)
	at sun.reflect.DelegatingMethodAccessorImpl.invoke(DelegatingMethodAccessorImpl.java:43)
	at java.lang.reflect.Method.invoke(Method.java:498)
	at org.springframework.beans.factory.support.SimpleInstantiationStrategy.instantiate(SimpleInstantiationStrategy.java:154)
	... 31 common frames omitted
Caused by: org.apache.ibatis.builder.BuilderException: Error parsing Mapper XML. Cause: org.apache.ibatis.builder.BuilderException: Error resolving class. Cause: org.apache.ibatis.type.TypeException: Could not resolve type alias 'com.zr.monitor.entity.Record'.  Cause: java.lang.ClassNotFoundException: Cannot find class: com.zr.monitor.entity.Record
	at org.apache.ibatis.builder.xml.XMLMapperBuilder.configurationElement(XMLMapperBuilder.java:120)
	at org.apache.ibatis.builder.xml.XMLMapperBuilder.parse(XMLMapperBuilder.java:92)
	at org.mybatis.spring.SqlSessionFactoryBean.buildSqlSessionFactory(SqlSessionFactoryBean.java:521)
	... 44 common frames omitted
Caused by: org.apache.ibatis.builder.BuilderException: Error resolving class. Cause: org.apache.ibatis.type.TypeException: Could not resolve type alias 'com.zr.monitor.entity.Record'.  Cause: java.lang.ClassNotFoundException: Cannot find class: com.zr.monitor.entity.Record
	at org.apache.ibatis.builder.BaseBuilder.resolveClass(BaseBuilder.java:118)
	at org.apache.ibatis.builder.xml.XMLStatementBuilder.parseStatementNode(XMLStatementBuilder.java:74)
	at org.apache.ibatis.builder.xml.XMLMapperBuilder.buildStatementFromContext(XMLMapperBuilder.java:135)
	at org.apache.ibatis.builder.xml.XMLMapperBuilder.buildStatementFromContext(XMLMapperBuilder.java:128)
	at org.apache.ibatis.builder.xml.XMLMapperBuilder.configurationElement(XMLMapperBuilder.java:118)
	... 46 common frames omitted
Caused by: org.apache.ibatis.type.TypeException: Could not resolve type alias 'com.zr.monitor.entity.Record'.  Cause: java.lang.ClassNotFoundException: Cannot find class: com.zr.monitor.entity.Record
	at org.apache.ibatis.type.TypeAliasRegistry.resolveAlias(TypeAliasRegistry.java:120)
	at org.apache.ibatis.builder.BaseBuilder.resolveAlias(BaseBuilder.java:149)
	at org.apache.ibatis.builder.BaseBuilder.resolveClass(BaseBuilder.java:116)
	... 50 common frames omitted
Caused by: java.lang.ClassNotFoundException: Cannot find class: com.zr.monitor.entity.Record
	at org.apache.ibatis.io.ClassLoaderWrapper.classForName(ClassLoaderWrapper.java:200)
	at org.apache.ibatis.io.ClassLoaderWrapper.classForName(ClassLoaderWrapper.java:89)
	at org.apache.ibatis.io.Resources.classForName(Resources.java:261)
	at org.apache.ibatis.type.TypeAliasRegistry.resolveAlias(TypeAliasRegistry.java:116)
	... 52 common frames omitted
2024-01-10 16:44:24.425|WARN |monitor-service|17876||c.a.d.c.s.b.f.a.ServiceAnnotationBeanPostProcessor|265 | [DUBBO] The BeanDefinition[Root bean: class [com.alibaba.dubbo.config.spring.ServiceBean]; scope=; abstract=false; lazyInit=false; autowireMode=0; dependencyCheck=0; autowireCandidate=true; primary=false; factoryBeanName=null; factoryMethodName=null; initMethodName=null; destroyMethodName=null] of ServiceBean has been registered with name : ServiceBean:authServiceImpl:com.zr.auth.service.AuthService, dubbo version: 2.6.2, current host: 10.85.1.10
2024-01-10 16:44:34.991|WARN |monitor-service|11680||c.a.d.c.s.b.f.a.ServiceAnnotationBeanPostProcessor|265 | [DUBBO] The BeanDefinition[Root bean: class [com.alibaba.dubbo.config.spring.ServiceBean]; scope=; abstract=false; lazyInit=false; autowireMode=0; dependencyCheck=0; autowireCandidate=true; primary=false; factoryBeanName=null; factoryMethodName=null; initMethodName=null; destroyMethodName=null] of ServiceBean has been registered with name : ServiceBean:monitorServiceImpl:com.zr.monitor.service.MonitorService, dubbo version: 2.6.2, current host: 10.85.1.10
2024-01-10 16:44:36.525|WARN |monitor-service|11680||o.s.b.w.s.c.AnnotationConfigServletWebServerApplicationContext|554 |Exception encountered during context initialization - cancelling refresh attempt: org.springframework.beans.factory.UnsatisfiedDependencyException: Error creating bean with name 'reportMapper' defined in file [C:\Users\Kane\Desktop\SWU\软件工程新技术\monitorsystem\monitor-service-provider\target\classes\com\zr\monitor\mapper\ReportMapper.class]: Unsatisfied dependency expressed through bean property 'sqlSessionFactory'; nested exception is org.springframework.beans.factory.BeanCreationException: Error creating bean with name 'sqlSessionFactory' defined in class path resource [org/mybatis/spring/boot/autoconfigure/MybatisAutoConfiguration.class]: Bean instantiation via factory method failed; nested exception is org.springframework.beans.BeanInstantiationException: Failed to instantiate [org.apache.ibatis.session.SqlSessionFactory]: Factory method 'sqlSessionFactory' threw exception; nested exception is org.springframework.core.NestedIOException: Failed to parse mapping resource: 'file [C:\Users\Kane\Desktop\SWU\软件工程新技术\monitorsystem\monitor-service-provider\target\classes\mapper\ReportMapper.xml]'; nested exception is org.apache.ibatis.builder.BuilderException: Error parsing Mapper XML. Cause: org.apache.ibatis.builder.BuilderException: Error resolving class. Cause: org.apache.ibatis.type.TypeException: Could not resolve type alias 'com.zr.monitor.entity.Record'.  Cause: java.lang.ClassNotFoundException: Cannot find class: com.zr.monitor.entity.Record
2024-01-10 16:44:36.566|ERROR|monitor-service|11680||o.s.b.SpringApplication  |858 |Application run failed
org.springframework.beans.factory.UnsatisfiedDependencyException: Error creating bean with name 'reportMapper' defined in file [C:\Users\Kane\Desktop\SWU\软件工程新技术\monitorsystem\monitor-service-provider\target\classes\com\zr\monitor\mapper\ReportMapper.class]: Unsatisfied dependency expressed through bean property 'sqlSessionFactory'; nested exception is org.springframework.beans.factory.BeanCreationException: Error creating bean with name 'sqlSessionFactory' defined in class path resource [org/mybatis/spring/boot/autoconfigure/MybatisAutoConfiguration.class]: Bean instantiation via factory method failed; nested exception is org.springframework.beans.BeanInstantiationException: Failed to instantiate [org.apache.ibatis.session.SqlSessionFactory]: Factory method 'sqlSessionFactory' threw exception; nested exception is org.springframework.core.NestedIOException: Failed to parse mapping resource: 'file [C:\Users\Kane\Desktop\SWU\软件工程新技术\monitorsystem\monitor-service-provider\target\classes\mapper\ReportMapper.xml]'; nested exception is org.apache.ibatis.builder.BuilderException: Error parsing Mapper XML. Cause: org.apache.ibatis.builder.BuilderException: Error resolving class. Cause: org.apache.ibatis.type.TypeException: Could not resolve type alias 'com.zr.monitor.entity.Record'.  Cause: java.lang.ClassNotFoundException: Cannot find class: com.zr.monitor.entity.Record
	at org.springframework.beans.factory.support.AbstractAutowireCapableBeanFactory.autowireByType(AbstractAutowireCapableBeanFactory.java:1482)
	at org.springframework.beans.factory.support.AbstractAutowireCapableBeanFactory.populateBean(AbstractAutowireCapableBeanFactory.java:1362)
	at org.springframework.beans.factory.support.AbstractAutowireCapableBeanFactory.doCreateBean(AbstractAutowireCapableBeanFactory.java:575)
	at org.springframework.beans.factory.support.AbstractAutowireCapableBeanFactory.createBean(AbstractAutowireCapableBeanFactory.java:498)
	at org.springframework.beans.factory.support.AbstractBeanFactory.lambda$doGetBean$0(AbstractBeanFactory.java:320)
	at org.springframework.beans.factory.support.DefaultSingletonBeanRegistry.getSingleton(DefaultSingletonBeanRegistry.java:222)
	at org.springframework.beans.factory.support.AbstractBeanFactory.doGetBean(AbstractBeanFactory.java:318)
	at org.springframework.beans.factory.support.AbstractBeanFactory.getBean(AbstractBeanFactory.java:199)
	at org.springframework.beans.factory.support.DefaultListableBeanFactory.preInstantiateSingletons(DefaultListableBeanFactory.java:827)
	at org.springframework.context.support.AbstractApplicationContext.finishBeanFactoryInitialization(AbstractApplicationContext.java:863)
	at org.springframework.context.support.AbstractApplicationContext.refresh(AbstractApplicationContext.java:546)
	at org.springframework.boot.web.servlet.context.ServletWebServerApplicationContext.refresh(ServletWebServerApplicationContext.java:142)
	at org.springframework.boot.SpringApplication.refresh(SpringApplication.java:775)
	at org.springframework.boot.SpringApplication.refreshContext(SpringApplication.java:397)
	at org.springframework.boot.SpringApplication.run(SpringApplication.java:316)
	at org.springframework.boot.SpringApplication.run(SpringApplication.java:1260)
	at org.springframework.boot.SpringApplication.run(SpringApplication.java:1248)
	at com.zr.monitor.MonitorMainApplication.main(MonitorMainApplication.java:17)
Caused by: org.springframework.beans.factory.BeanCreationException: Error creating bean with name 'sqlSessionFactory' defined in class path resource [org/mybatis/spring/boot/autoconfigure/MybatisAutoConfiguration.class]: Bean instantiation via factory method failed; nested exception is org.springframework.beans.BeanInstantiationException: Failed to instantiate [org.apache.ibatis.session.SqlSessionFactory]: Factory method 'sqlSessionFactory' threw exception; nested exception is org.springframework.core.NestedIOException: Failed to parse mapping resource: 'file [C:\Users\Kane\Desktop\SWU\软件工程新技术\monitorsystem\monitor-service-provider\target\classes\mapper\ReportMapper.xml]'; nested exception is org.apache.ibatis.builder.BuilderException: Error parsing Mapper XML. Cause: org.apache.ibatis.builder.BuilderException: Error resolving class. Cause: org.apache.ibatis.type.TypeException: Could not resolve type alias 'com.zr.monitor.entity.Record'.  Cause: java.lang.ClassNotFoundException: Cannot find class: com.zr.monitor.entity.Record
	at org.springframework.beans.factory.support.ConstructorResolver.instantiate(ConstructorResolver.java:627)
	at org.springframework.beans.factory.support.ConstructorResolver.instantiateUsingFactoryMethod(ConstructorResolver.java:607)
	at org.springframework.beans.factory.support.AbstractAutowireCapableBeanFactory.instantiateUsingFactoryMethod(AbstractAutowireCapableBeanFactory.java:1288)
	at org.springframework.beans.factory.support.AbstractAutowireCapableBeanFactory.createBeanInstance(AbstractAutowireCapableBeanFactory.java:1127)
	at org.springframework.beans.factory.support.AbstractAutowireCapableBeanFactory.doCreateBean(AbstractAutowireCapableBeanFactory.java:538)
	at org.springframework.beans.factory.support.AbstractAutowireCapableBeanFactory.createBean(AbstractAutowireCapableBeanFactory.java:498)
	at org.springframework.beans.factory.support.AbstractBeanFactory.lambda$doGetBean$0(AbstractBeanFactory.java:320)
	at org.springframework.beans.factory.support.DefaultSingletonBeanRegistry.getSingleton(DefaultSingletonBeanRegistry.java:222)
	at org.springframework.beans.factory.support.AbstractBeanFactory.doGetBean(AbstractBeanFactory.java:318)
	at org.springframework.beans.factory.support.AbstractBeanFactory.getBean(AbstractBeanFactory.java:199)
	at org.springframework.beans.factory.config.DependencyDescriptor.resolveCandidate(DependencyDescriptor.java:273)
	at org.springframework.beans.factory.support.DefaultListableBeanFactory.doResolveDependency(DefaultListableBeanFactory.java:1237)
	at org.springframework.beans.factory.support.DefaultListableBeanFactory.resolveDependency(DefaultListableBeanFactory.java:1164)
	at org.springframework.beans.factory.support.AbstractAutowireCapableBeanFactory.autowireByType(AbstractAutowireCapableBeanFactory.java:1467)
	... 17 common frames omitted
Caused by: org.springframework.beans.BeanInstantiationException: Failed to instantiate [org.apache.ibatis.session.SqlSessionFactory]: Factory method 'sqlSessionFactory' threw exception; nested exception is org.springframework.core.NestedIOException: Failed to parse mapping resource: 'file [C:\Users\Kane\Desktop\SWU\软件工程新技术\monitorsystem\monitor-service-provider\target\classes\mapper\ReportMapper.xml]'; nested exception is org.apache.ibatis.builder.BuilderException: Error parsing Mapper XML. Cause: org.apache.ibatis.builder.BuilderException: Error resolving class. Cause: org.apache.ibatis.type.TypeException: Could not resolve type alias 'com.zr.monitor.entity.Record'.  Cause: java.lang.ClassNotFoundException: Cannot find class: com.zr.monitor.entity.Record
	at org.springframework.beans.factory.support.SimpleInstantiationStrategy.instantiate(SimpleInstantiationStrategy.java:185)
	at org.springframework.beans.factory.support.ConstructorResolver.instantiate(ConstructorResolver.java:622)
	... 30 common frames omitted
Caused by: org.springframework.core.NestedIOException: Failed to parse mapping resource: 'file [C:\Users\Kane\Desktop\SWU\软件工程新技术\monitorsystem\monitor-service-provider\target\classes\mapper\ReportMapper.xml]'; nested exception is org.apache.ibatis.builder.BuilderException: Error parsing Mapper XML. Cause: org.apache.ibatis.builder.BuilderException: Error resolving class. Cause: org.apache.ibatis.type.TypeException: Could not resolve type alias 'com.zr.monitor.entity.Record'.  Cause: java.lang.ClassNotFoundException: Cannot find class: com.zr.monitor.entity.Record
	at org.mybatis.spring.SqlSessionFactoryBean.buildSqlSessionFactory(SqlSessionFactoryBean.java:523)
	at org.mybatis.spring.SqlSessionFactoryBean.afterPropertiesSet(SqlSessionFactoryBean.java:380)
	at org.mybatis.spring.SqlSessionFactoryBean.getObject(SqlSessionFactoryBean.java:547)
	at org.mybatis.spring.boot.autoconfigure.MybatisAutoConfiguration.sqlSessionFactory(MybatisAutoConfiguration.java:153)
	at org.mybatis.spring.boot.autoconfigure.MybatisAutoConfiguration$$EnhancerBySpringCGLIB$$be6fbbf6.CGLIB$sqlSessionFactory$1(<generated>)
	at org.mybatis.spring.boot.autoconfigure.MybatisAutoConfiguration$$EnhancerBySpringCGLIB$$be6fbbf6$$FastClassBySpringCGLIB$$d3e4dbf1.invoke(<generated>)
	at org.springframework.cglib.proxy.MethodProxy.invokeSuper(MethodProxy.java:244)
	at org.springframework.context.annotation.ConfigurationClassEnhancer$BeanMethodInterceptor.intercept(ConfigurationClassEnhancer.java:363)
	at org.mybatis.spring.boot.autoconfigure.MybatisAutoConfiguration$$EnhancerBySpringCGLIB$$be6fbbf6.sqlSessionFactory(<generated>)
	at sun.reflect.NativeMethodAccessorImpl.invoke0(Native Method)
	at sun.reflect.NativeMethodAccessorImpl.invoke(NativeMethodAccessorImpl.java:62)
	at sun.reflect.DelegatingMethodAccessorImpl.invoke(DelegatingMethodAccessorImpl.java:43)
	at java.lang.reflect.Method.invoke(Method.java:498)
	at org.springframework.beans.factory.support.SimpleInstantiationStrategy.instantiate(SimpleInstantiationStrategy.java:154)
	... 31 common frames omitted
Caused by: org.apache.ibatis.builder.BuilderException: Error parsing Mapper XML. Cause: org.apache.ibatis.builder.BuilderException: Error resolving class. Cause: org.apache.ibatis.type.TypeException: Could not resolve type alias 'com.zr.monitor.entity.Record'.  Cause: java.lang.ClassNotFoundException: Cannot find class: com.zr.monitor.entity.Record
	at org.apache.ibatis.builder.xml.XMLMapperBuilder.configurationElement(XMLMapperBuilder.java:120)
	at org.apache.ibatis.builder.xml.XMLMapperBuilder.parse(XMLMapperBuilder.java:92)
	at org.mybatis.spring.SqlSessionFactoryBean.buildSqlSessionFactory(SqlSessionFactoryBean.java:521)
	... 44 common frames omitted
Caused by: org.apache.ibatis.builder.BuilderException: Error resolving class. Cause: org.apache.ibatis.type.TypeException: Could not resolve type alias 'com.zr.monitor.entity.Record'.  Cause: java.lang.ClassNotFoundException: Cannot find class: com.zr.monitor.entity.Record
	at org.apache.ibatis.builder.BaseBuilder.resolveClass(BaseBuilder.java:118)
	at org.apache.ibatis.builder.xml.XMLStatementBuilder.parseStatementNode(XMLStatementBuilder.java:74)
	at org.apache.ibatis.builder.xml.XMLMapperBuilder.buildStatementFromContext(XMLMapperBuilder.java:135)
	at org.apache.ibatis.builder.xml.XMLMapperBuilder.buildStatementFromContext(XMLMapperBuilder.java:128)
	at org.apache.ibatis.builder.xml.XMLMapperBuilder.configurationElement(XMLMapperBuilder.java:118)
	... 46 common frames omitted
Caused by: org.apache.ibatis.type.TypeException: Could not resolve type alias 'com.zr.monitor.entity.Record'.  Cause: java.lang.ClassNotFoundException: Cannot find class: com.zr.monitor.entity.Record
	at org.apache.ibatis.type.TypeAliasRegistry.resolveAlias(TypeAliasRegistry.java:120)
	at org.apache.ibatis.builder.BaseBuilder.resolveAlias(BaseBuilder.java:149)
	at org.apache.ibatis.builder.BaseBuilder.resolveClass(BaseBuilder.java:116)
	... 50 common frames omitted
Caused by: java.lang.ClassNotFoundException: Cannot find class: com.zr.monitor.entity.Record
	at org.apache.ibatis.io.ClassLoaderWrapper.classForName(ClassLoaderWrapper.java:200)
	at org.apache.ibatis.io.ClassLoaderWrapper.classForName(ClassLoaderWrapper.java:89)
	at org.apache.ibatis.io.Resources.classForName(Resources.java:261)
	at org.apache.ibatis.type.TypeAliasRegistry.resolveAlias(TypeAliasRegistry.java:116)
	... 52 common frames omitted
2024-01-10 16:45:18.921|WARN |monitor-service|8424||c.a.d.c.s.b.f.a.ServiceAnnotationBeanPostProcessor|265 | [DUBBO] The BeanDefinition[Root bean: class [com.alibaba.dubbo.config.spring.ServiceBean]; scope=; abstract=false; lazyInit=false; autowireMode=0; dependencyCheck=0; autowireCandidate=true; primary=false; factoryBeanName=null; factoryMethodName=null; initMethodName=null; destroyMethodName=null] of ServiceBean has been registered with name : ServiceBean:monitorServiceImpl:com.zr.monitor.service.MonitorService, dubbo version: 2.6.2, current host: 10.85.1.10
2024-01-10 16:45:20.453|WARN |monitor-service|8424||o.s.b.w.s.c.AnnotationConfigServletWebServerApplicationContext|554 |Exception encountered during context initialization - cancelling refresh attempt: org.springframework.beans.factory.UnsatisfiedDependencyException: Error creating bean with name 'reportMapper' defined in file [C:\Users\Kane\Desktop\SWU\软件工程新技术\monitorsystem\monitor-service-provider\target\classes\com\zr\monitor\mapper\ReportMapper.class]: Unsatisfied dependency expressed through bean property 'sqlSessionFactory'; nested exception is org.springframework.beans.factory.BeanCreationException: Error creating bean with name 'sqlSessionFactory' defined in class path resource [org/mybatis/spring/boot/autoconfigure/MybatisAutoConfiguration.class]: Bean instantiation via factory method failed; nested exception is org.springframework.beans.BeanInstantiationException: Failed to instantiate [org.apache.ibatis.session.SqlSessionFactory]: Factory method 'sqlSessionFactory' threw exception; nested exception is org.springframework.core.NestedIOException: Failed to parse mapping resource: 'file [C:\Users\Kane\Desktop\SWU\软件工程新技术\monitorsystem\monitor-service-provider\target\classes\mapper\ReportMapper.xml]'; nested exception is org.apache.ibatis.builder.BuilderException: Error parsing Mapper XML. Cause: org.apache.ibatis.builder.BuilderException: Error resolving class. Cause: org.apache.ibatis.type.TypeException: Could not resolve type alias 'com.zr.monitor.entity.Record'.  Cause: java.lang.ClassNotFoundException: Cannot find class: com.zr.monitor.entity.Record
2024-01-10 16:45:20.500|ERROR|monitor-service|8424||o.s.b.SpringApplication  |858 |Application run failed
org.springframework.beans.factory.UnsatisfiedDependencyException: Error creating bean with name 'reportMapper' defined in file [C:\Users\Kane\Desktop\SWU\软件工程新技术\monitorsystem\monitor-service-provider\target\classes\com\zr\monitor\mapper\ReportMapper.class]: Unsatisfied dependency expressed through bean property 'sqlSessionFactory'; nested exception is org.springframework.beans.factory.BeanCreationException: Error creating bean with name 'sqlSessionFactory' defined in class path resource [org/mybatis/spring/boot/autoconfigure/MybatisAutoConfiguration.class]: Bean instantiation via factory method failed; nested exception is org.springframework.beans.BeanInstantiationException: Failed to instantiate [org.apache.ibatis.session.SqlSessionFactory]: Factory method 'sqlSessionFactory' threw exception; nested exception is org.springframework.core.NestedIOException: Failed to parse mapping resource: 'file [C:\Users\Kane\Desktop\SWU\软件工程新技术\monitorsystem\monitor-service-provider\target\classes\mapper\ReportMapper.xml]'; nested exception is org.apache.ibatis.builder.BuilderException: Error parsing Mapper XML. Cause: org.apache.ibatis.builder.BuilderException: Error resolving class. Cause: org.apache.ibatis.type.TypeException: Could not resolve type alias 'com.zr.monitor.entity.Record'.  Cause: java.lang.ClassNotFoundException: Cannot find class: com.zr.monitor.entity.Record
	at org.springframework.beans.factory.support.AbstractAutowireCapableBeanFactory.autowireByType(AbstractAutowireCapableBeanFactory.java:1482)
	at org.springframework.beans.factory.support.AbstractAutowireCapableBeanFactory.populateBean(AbstractAutowireCapableBeanFactory.java:1362)
	at org.springframework.beans.factory.support.AbstractAutowireCapableBeanFactory.doCreateBean(AbstractAutowireCapableBeanFactory.java:575)
	at org.springframework.beans.factory.support.AbstractAutowireCapableBeanFactory.createBean(AbstractAutowireCapableBeanFactory.java:498)
	at org.springframework.beans.factory.support.AbstractBeanFactory.lambda$doGetBean$0(AbstractBeanFactory.java:320)
	at org.springframework.beans.factory.support.DefaultSingletonBeanRegistry.getSingleton(DefaultSingletonBeanRegistry.java:222)
	at org.springframework.beans.factory.support.AbstractBeanFactory.doGetBean(AbstractBeanFactory.java:318)
	at org.springframework.beans.factory.support.AbstractBeanFactory.getBean(AbstractBeanFactory.java:199)
	at org.springframework.beans.factory.support.DefaultListableBeanFactory.preInstantiateSingletons(DefaultListableBeanFactory.java:827)
	at org.springframework.context.support.AbstractApplicationContext.finishBeanFactoryInitialization(AbstractApplicationContext.java:863)
	at org.springframework.context.support.AbstractApplicationContext.refresh(AbstractApplicationContext.java:546)
	at org.springframework.boot.web.servlet.context.ServletWebServerApplicationContext.refresh(ServletWebServerApplicationContext.java:142)
	at org.springframework.boot.SpringApplication.refresh(SpringApplication.java:775)
	at org.springframework.boot.SpringApplication.refreshContext(SpringApplication.java:397)
	at org.springframework.boot.SpringApplication.run(SpringApplication.java:316)
	at org.springframework.boot.SpringApplication.run(SpringApplication.java:1260)
	at org.springframework.boot.SpringApplication.run(SpringApplication.java:1248)
	at com.zr.monitor.MonitorMainApplication.main(MonitorMainApplication.java:17)
Caused by: org.springframework.beans.factory.BeanCreationException: Error creating bean with name 'sqlSessionFactory' defined in class path resource [org/mybatis/spring/boot/autoconfigure/MybatisAutoConfiguration.class]: Bean instantiation via factory method failed; nested exception is org.springframework.beans.BeanInstantiationException: Failed to instantiate [org.apache.ibatis.session.SqlSessionFactory]: Factory method 'sqlSessionFactory' threw exception; nested exception is org.springframework.core.NestedIOException: Failed to parse mapping resource: 'file [C:\Users\Kane\Desktop\SWU\软件工程新技术\monitorsystem\monitor-service-provider\target\classes\mapper\ReportMapper.xml]'; nested exception is org.apache.ibatis.builder.BuilderException: Error parsing Mapper XML. Cause: org.apache.ibatis.builder.BuilderException: Error resolving class. Cause: org.apache.ibatis.type.TypeException: Could not resolve type alias 'com.zr.monitor.entity.Record'.  Cause: java.lang.ClassNotFoundException: Cannot find class: com.zr.monitor.entity.Record
	at org.springframework.beans.factory.support.ConstructorResolver.instantiate(ConstructorResolver.java:627)
	at org.springframework.beans.factory.support.ConstructorResolver.instantiateUsingFactoryMethod(ConstructorResolver.java:607)
	at org.springframework.beans.factory.support.AbstractAutowireCapableBeanFactory.instantiateUsingFactoryMethod(AbstractAutowireCapableBeanFactory.java:1288)
	at org.springframework.beans.factory.support.AbstractAutowireCapableBeanFactory.createBeanInstance(AbstractAutowireCapableBeanFactory.java:1127)
	at org.springframework.beans.factory.support.AbstractAutowireCapableBeanFactory.doCreateBean(AbstractAutowireCapableBeanFactory.java:538)
	at org.springframework.beans.factory.support.AbstractAutowireCapableBeanFactory.createBean(AbstractAutowireCapableBeanFactory.java:498)
	at org.springframework.beans.factory.support.AbstractBeanFactory.lambda$doGetBean$0(AbstractBeanFactory.java:320)
	at org.springframework.beans.factory.support.DefaultSingletonBeanRegistry.getSingleton(DefaultSingletonBeanRegistry.java:222)
	at org.springframework.beans.factory.support.AbstractBeanFactory.doGetBean(AbstractBeanFactory.java:318)
	at org.springframework.beans.factory.support.AbstractBeanFactory.getBean(AbstractBeanFactory.java:199)
	at org.springframework.beans.factory.config.DependencyDescriptor.resolveCandidate(DependencyDescriptor.java:273)
	at org.springframework.beans.factory.support.DefaultListableBeanFactory.doResolveDependency(DefaultListableBeanFactory.java:1237)
	at org.springframework.beans.factory.support.DefaultListableBeanFactory.resolveDependency(DefaultListableBeanFactory.java:1164)
	at org.springframework.beans.factory.support.AbstractAutowireCapableBeanFactory.autowireByType(AbstractAutowireCapableBeanFactory.java:1467)
	... 17 common frames omitted
Caused by: org.springframework.beans.BeanInstantiationException: Failed to instantiate [org.apache.ibatis.session.SqlSessionFactory]: Factory method 'sqlSessionFactory' threw exception; nested exception is org.springframework.core.NestedIOException: Failed to parse mapping resource: 'file [C:\Users\Kane\Desktop\SWU\软件工程新技术\monitorsystem\monitor-service-provider\target\classes\mapper\ReportMapper.xml]'; nested exception is org.apache.ibatis.builder.BuilderException: Error parsing Mapper XML. Cause: org.apache.ibatis.builder.BuilderException: Error resolving class. Cause: org.apache.ibatis.type.TypeException: Could not resolve type alias 'com.zr.monitor.entity.Record'.  Cause: java.lang.ClassNotFoundException: Cannot find class: com.zr.monitor.entity.Record
	at org.springframework.beans.factory.support.SimpleInstantiationStrategy.instantiate(SimpleInstantiationStrategy.java:185)
	at org.springframework.beans.factory.support.ConstructorResolver.instantiate(ConstructorResolver.java:622)
	... 30 common frames omitted
Caused by: org.springframework.core.NestedIOException: Failed to parse mapping resource: 'file [C:\Users\Kane\Desktop\SWU\软件工程新技术\monitorsystem\monitor-service-provider\target\classes\mapper\ReportMapper.xml]'; nested exception is org.apache.ibatis.builder.BuilderException: Error parsing Mapper XML. Cause: org.apache.ibatis.builder.BuilderException: Error resolving class. Cause: org.apache.ibatis.type.TypeException: Could not resolve type alias 'com.zr.monitor.entity.Record'.  Cause: java.lang.ClassNotFoundException: Cannot find class: com.zr.monitor.entity.Record
	at org.mybatis.spring.SqlSessionFactoryBean.buildSqlSessionFactory(SqlSessionFactoryBean.java:523)
	at org.mybatis.spring.SqlSessionFactoryBean.afterPropertiesSet(SqlSessionFactoryBean.java:380)
	at org.mybatis.spring.SqlSessionFactoryBean.getObject(SqlSessionFactoryBean.java:547)
	at org.mybatis.spring.boot.autoconfigure.MybatisAutoConfiguration.sqlSessionFactory(MybatisAutoConfiguration.java:153)
	at org.mybatis.spring.boot.autoconfigure.MybatisAutoConfiguration$$EnhancerBySpringCGLIB$$fe733399.CGLIB$sqlSessionFactory$0(<generated>)
	at org.mybatis.spring.boot.autoconfigure.MybatisAutoConfiguration$$EnhancerBySpringCGLIB$$fe733399$$FastClassBySpringCGLIB$$7239a609.invoke(<generated>)
	at org.springframework.cglib.proxy.MethodProxy.invokeSuper(MethodProxy.java:244)
	at org.springframework.context.annotation.ConfigurationClassEnhancer$BeanMethodInterceptor.intercept(ConfigurationClassEnhancer.java:363)
	at org.mybatis.spring.boot.autoconfigure.MybatisAutoConfiguration$$EnhancerBySpringCGLIB$$fe733399.sqlSessionFactory(<generated>)
	at sun.reflect.NativeMethodAccessorImpl.invoke0(Native Method)
	at sun.reflect.NativeMethodAccessorImpl.invoke(NativeMethodAccessorImpl.java:62)
	at sun.reflect.DelegatingMethodAccessorImpl.invoke(DelegatingMethodAccessorImpl.java:43)
	at java.lang.reflect.Method.invoke(Method.java:498)
	at org.springframework.beans.factory.support.SimpleInstantiationStrategy.instantiate(SimpleInstantiationStrategy.java:154)
	... 31 common frames omitted
Caused by: org.apache.ibatis.builder.BuilderException: Error parsing Mapper XML. Cause: org.apache.ibatis.builder.BuilderException: Error resolving class. Cause: org.apache.ibatis.type.TypeException: Could not resolve type alias 'com.zr.monitor.entity.Record'.  Cause: java.lang.ClassNotFoundException: Cannot find class: com.zr.monitor.entity.Record
	at org.apache.ibatis.builder.xml.XMLMapperBuilder.configurationElement(XMLMapperBuilder.java:120)
	at org.apache.ibatis.builder.xml.XMLMapperBuilder.parse(XMLMapperBuilder.java:92)
	at org.mybatis.spring.SqlSessionFactoryBean.buildSqlSessionFactory(SqlSessionFactoryBean.java:521)
	... 44 common frames omitted
Caused by: org.apache.ibatis.builder.BuilderException: Error resolving class. Cause: org.apache.ibatis.type.TypeException: Could not resolve type alias 'com.zr.monitor.entity.Record'.  Cause: java.lang.ClassNotFoundException: Cannot find class: com.zr.monitor.entity.Record
	at org.apache.ibatis.builder.BaseBuilder.resolveClass(BaseBuilder.java:118)
	at org.apache.ibatis.builder.xml.XMLStatementBuilder.parseStatementNode(XMLStatementBuilder.java:74)
	at org.apache.ibatis.builder.xml.XMLMapperBuilder.buildStatementFromContext(XMLMapperBuilder.java:135)
	at org.apache.ibatis.builder.xml.XMLMapperBuilder.buildStatementFromContext(XMLMapperBuilder.java:128)
	at org.apache.ibatis.builder.xml.XMLMapperBuilder.configurationElement(XMLMapperBuilder.java:118)
	... 46 common frames omitted
Caused by: org.apache.ibatis.type.TypeException: Could not resolve type alias 'com.zr.monitor.entity.Record'.  Cause: java.lang.ClassNotFoundException: Cannot find class: com.zr.monitor.entity.Record
	at org.apache.ibatis.type.TypeAliasRegistry.resolveAlias(TypeAliasRegistry.java:120)
	at org.apache.ibatis.builder.BaseBuilder.resolveAlias(BaseBuilder.java:149)
	at org.apache.ibatis.builder.BaseBuilder.resolveClass(BaseBuilder.java:116)
	... 50 common frames omitted
Caused by: java.lang.ClassNotFoundException: Cannot find class: com.zr.monitor.entity.Record
	at org.apache.ibatis.io.ClassLoaderWrapper.classForName(ClassLoaderWrapper.java:200)
	at org.apache.ibatis.io.ClassLoaderWrapper.classForName(ClassLoaderWrapper.java:89)
	at org.apache.ibatis.io.Resources.classForName(Resources.java:261)
	at org.apache.ibatis.type.TypeAliasRegistry.resolveAlias(TypeAliasRegistry.java:116)
	... 52 common frames omitted
2024-01-10 16:46:55.913|WARN |monitor-service|8644||c.a.d.c.s.b.f.a.ServiceAnnotationBeanPostProcessor|265 | [DUBBO] The BeanDefinition[Root bean: class [com.alibaba.dubbo.config.spring.ServiceBean]; scope=; abstract=false; lazyInit=false; autowireMode=0; dependencyCheck=0; autowireCandidate=true; primary=false; factoryBeanName=null; factoryMethodName=null; initMethodName=null; destroyMethodName=null] of ServiceBean has been registered with name : ServiceBean:monitorServiceImpl:com.zr.monitor.service.MonitorService, dubbo version: 2.6.2, current host: 10.85.1.10
2024-01-10 16:47:07.526|WARN |monitor-service|2900||o.m.s.m.ClassPathMapperScanner|166 |No MyBatis mapper was found in '[com.zr.record]' package. Please check your configuration.
2024-01-10 16:47:07.601|WARN |monitor-service|2900||c.a.d.c.s.b.f.a.ServiceAnnotationBeanPostProcessor|265 | [DUBBO] The BeanDefinition[Root bean: class [com.alibaba.dubbo.config.spring.ServiceBean]; scope=; abstract=false; lazyInit=false; autowireMode=0; dependencyCheck=0; autowireCandidate=true; primary=false; factoryBeanName=null; factoryMethodName=null; initMethodName=null; destroyMethodName=null] of ServiceBean has been registered with name : ServiceBean:recordServiceImpl:com.zr.record.service.RecordService, dubbo version: 2.6.2, current host: 10.85.1.10
2024-01-10 16:47:09.357|ERROR|monitor-service|2900||o.s.b.SpringApplication  |858 |Application run failed
com.alibaba.dubbo.rpc.RpcException: Fail to start server(url: dubbo://10.85.1.10:20881/com.zr.record.service.RecordService?anyhost=true&application=monitor-recordService-provider&bind.ip=10.85.1.10&bind.port=20881&channel.readonly.sent=true&codec=dubbo&dubbo=2.6.2&generic=false&heartbeat=60000&interface=com.zr.record.service.RecordService&methods=checkRecord&pid=2900&side=provider&timestamp=1704876429221) Failed to bind NettyServer on /10.85.1.10:20881, cause: Failed to bind to: /0.0.0.0:20881
	at com.alibaba.dubbo.rpc.protocol.dubbo.DubboProtocol.createServer(DubboProtocol.java:286)
	at com.alibaba.dubbo.rpc.protocol.dubbo.DubboProtocol.openServer(DubboProtocol.java:263)
	at com.alibaba.dubbo.rpc.protocol.dubbo.DubboProtocol.export(DubboProtocol.java:250)
	at com.alibaba.dubbo.rpc.protocol.ProtocolListenerWrapper.export(ProtocolListenerWrapper.java:57)
	at com.alibaba.dubbo.qos.protocol.QosProtocolWrapper.export(QosProtocolWrapper.java:56)
	at com.alibaba.dubbo.rpc.protocol.ProtocolFilterWrapper.export(ProtocolFilterWrapper.java:100)
	at com.alibaba.dubbo.rpc.Protocol$Adaptive.export(Protocol$Adaptive.java)
	at com.alibaba.dubbo.registry.integration.RegistryProtocol.doLocalExport(RegistryProtocol.java:168)
	at com.alibaba.dubbo.registry.integration.RegistryProtocol.export(RegistryProtocol.java:131)
	at com.alibaba.dubbo.rpc.protocol.ProtocolListenerWrapper.export(ProtocolListenerWrapper.java:55)
	at com.alibaba.dubbo.qos.protocol.QosProtocolWrapper.export(QosProtocolWrapper.java:54)
	at com.alibaba.dubbo.rpc.protocol.ProtocolFilterWrapper.export(ProtocolFilterWrapper.java:98)
	at com.alibaba.dubbo.rpc.Protocol$Adaptive.export(Protocol$Adaptive.java)
	at com.alibaba.dubbo.config.ServiceConfig.doExportUrlsFor1Protocol(ServiceConfig.java:506)
	at com.alibaba.dubbo.config.ServiceConfig.doExportUrls(ServiceConfig.java:358)
	at com.alibaba.dubbo.config.ServiceConfig.doExport(ServiceConfig.java:317)
	at com.alibaba.dubbo.config.ServiceConfig.export(ServiceConfig.java:216)
	at com.alibaba.dubbo.config.spring.ServiceBean.onApplicationEvent(ServiceBean.java:123)
	at com.alibaba.dubbo.config.spring.ServiceBean.onApplicationEvent(ServiceBean.java:49)
	at org.springframework.context.event.SimpleApplicationEventMulticaster.doInvokeListener(SimpleApplicationEventMulticaster.java:172)
	at org.springframework.context.event.SimpleApplicationEventMulticaster.invokeListener(SimpleApplicationEventMulticaster.java:165)
	at org.springframework.context.event.SimpleApplicationEventMulticaster.multicastEvent(SimpleApplicationEventMulticaster.java:139)
	at org.springframework.context.support.AbstractApplicationContext.publishEvent(AbstractApplicationContext.java:398)
	at org.springframework.context.support.AbstractApplicationContext.publishEvent(AbstractApplicationContext.java:355)
	at org.springframework.context.support.AbstractApplicationContext.finishRefresh(AbstractApplicationContext.java:882)
	at org.springframework.boot.web.servlet.context.ServletWebServerApplicationContext.finishRefresh(ServletWebServerApplicationContext.java:163)
	at org.springframework.context.support.AbstractApplicationContext.refresh(AbstractApplicationContext.java:549)
	at org.springframework.boot.web.servlet.context.ServletWebServerApplicationContext.refresh(ServletWebServerApplicationContext.java:142)
	at org.springframework.boot.SpringApplication.refresh(SpringApplication.java:775)
	at org.springframework.boot.SpringApplication.refreshContext(SpringApplication.java:397)
	at org.springframework.boot.SpringApplication.run(SpringApplication.java:316)
	at org.springframework.boot.SpringApplication.run(SpringApplication.java:1260)
	at org.springframework.boot.SpringApplication.run(SpringApplication.java:1248)
	at com.zr.record.RecordMainApplication.main(RecordMainApplication.java:16)
Caused by: com.alibaba.dubbo.remoting.RemotingException: Failed to bind NettyServer on /10.85.1.10:20881, cause: Failed to bind to: /0.0.0.0:20881
	at com.alibaba.dubbo.remoting.transport.AbstractServer.<init>(AbstractServer.java:68)
	at com.alibaba.dubbo.remoting.transport.netty.NettyServer.<init>(NettyServer.java:61)
	at com.alibaba.dubbo.remoting.transport.netty.NettyTransporter.bind(NettyTransporter.java:32)
	at com.alibaba.dubbo.remoting.Transporter$Adaptive.bind(Transporter$Adaptive.java)
	at com.alibaba.dubbo.remoting.Transporters.bind(Transporters.java:56)
	at com.alibaba.dubbo.remoting.exchange.support.header.HeaderExchanger.bind(HeaderExchanger.java:44)
	at com.alibaba.dubbo.remoting.exchange.Exchangers.bind(Exchangers.java:70)
	at com.alibaba.dubbo.rpc.protocol.dubbo.DubboProtocol.createServer(DubboProtocol.java:284)
	... 33 common frames omitted
Caused by: org.jboss.netty.channel.ChannelException: Failed to bind to: /0.0.0.0:20881
	at org.jboss.netty.bootstrap.ServerBootstrap.bind(ServerBootstrap.java:303)
	at com.alibaba.dubbo.remoting.transport.netty.NettyServer.doOpen(NettyServer.java:93)
	at com.alibaba.dubbo.remoting.transport.AbstractServer.<init>(AbstractServer.java:63)
	... 40 common frames omitted
Caused by: java.net.BindException: Address already in use: bind
	at sun.nio.ch.Net.bind0(Native Method)
	at sun.nio.ch.Net.bind(Net.java:433)
	at sun.nio.ch.Net.bind(Net.java:425)
	at sun.nio.ch.ServerSocketChannelImpl.bind(ServerSocketChannelImpl.java:223)
	at sun.nio.ch.ServerSocketAdaptor.bind(ServerSocketAdaptor.java:74)
	at org.jboss.netty.channel.socket.nio.NioServerSocketPipelineSink.bind(NioServerSocketPipelineSink.java:148)
	at org.jboss.netty.channel.socket.nio.NioServerSocketPipelineSink.handleServerSocket(NioServerSocketPipelineSink.java:100)
	at org.jboss.netty.channel.socket.nio.NioServerSocketPipelineSink.eventSunk(NioServerSocketPipelineSink.java:74)
	at org.jboss.netty.channel.Channels.bind(Channels.java:468)
	at org.jboss.netty.channel.AbstractChannel.bind(AbstractChannel.java:192)
	at org.jboss.netty.bootstrap.ServerBootstrap$Binder.channelOpen(ServerBootstrap.java:348)
	at org.jboss.netty.channel.Channels.fireChannelOpen(Channels.java:176)
	at org.jboss.netty.channel.socket.nio.NioServerSocketChannel.<init>(NioServerSocketChannel.java:85)
	at org.jboss.netty.channel.socket.nio.NioServerSocketChannelFactory.newChannel(NioServerSocketChannelFactory.java:142)
	at org.jboss.netty.channel.socket.nio.NioServerSocketChannelFactory.newChannel(NioServerSocketChannelFactory.java:90)
	at org.jboss.netty.bootstrap.ServerBootstrap.bind(ServerBootstrap.java:282)
	... 42 common frames omitted
2024-01-10 16:47:50.035|WARN |monitor-service|1900||o.m.s.m.ClassPathMapperScanner|166 |No MyBatis mapper was found in '[com.zr.record]' package. Please check your configuration.
2024-01-10 16:47:50.100|WARN |monitor-service|1900||c.a.d.c.s.b.f.a.ServiceAnnotationBeanPostProcessor|265 | [DUBBO] The BeanDefinition[Root bean: class [com.alibaba.dubbo.config.spring.ServiceBean]; scope=; abstract=false; lazyInit=false; autowireMode=0; dependencyCheck=0; autowireCandidate=true; primary=false; factoryBeanName=null; factoryMethodName=null; initMethodName=null; destroyMethodName=null] of ServiceBean has been registered with name : ServiceBean:recordServiceImpl:com.zr.record.service.RecordService, dubbo version: 2.6.2, current host: 10.85.1.10
2024-01-10 16:47:51.848|ERROR|monitor-service|1900||o.s.b.SpringApplication  |858 |Application run failed
com.alibaba.dubbo.rpc.RpcException: Fail to start server(url: dubbo://10.85.1.10:20883/com.zr.record.service.RecordService?anyhost=true&application=monitor-recordService-provider&bind.ip=10.85.1.10&bind.port=20883&channel.readonly.sent=true&codec=dubbo&dubbo=2.6.2&generic=false&heartbeat=60000&interface=com.zr.record.service.RecordService&methods=checkRecord&pid=1900&side=provider&timestamp=1704876471709) Failed to bind NettyServer on /10.85.1.10:20883, cause: Failed to bind to: /0.0.0.0:20883
	at com.alibaba.dubbo.rpc.protocol.dubbo.DubboProtocol.createServer(DubboProtocol.java:286)
	at com.alibaba.dubbo.rpc.protocol.dubbo.DubboProtocol.openServer(DubboProtocol.java:263)
	at com.alibaba.dubbo.rpc.protocol.dubbo.DubboProtocol.export(DubboProtocol.java:250)
	at com.alibaba.dubbo.qos.protocol.QosProtocolWrapper.export(QosProtocolWrapper.java:56)
	at com.alibaba.dubbo.rpc.protocol.ProtocolListenerWrapper.export(ProtocolListenerWrapper.java:57)
	at com.alibaba.dubbo.rpc.protocol.ProtocolFilterWrapper.export(ProtocolFilterWrapper.java:100)
	at com.alibaba.dubbo.rpc.Protocol$Adaptive.export(Protocol$Adaptive.java)
	at com.alibaba.dubbo.registry.integration.RegistryProtocol.doLocalExport(RegistryProtocol.java:168)
	at com.alibaba.dubbo.registry.integration.RegistryProtocol.export(RegistryProtocol.java:131)
	at com.alibaba.dubbo.qos.protocol.QosProtocolWrapper.export(QosProtocolWrapper.java:54)
	at com.alibaba.dubbo.rpc.protocol.ProtocolListenerWrapper.export(ProtocolListenerWrapper.java:55)
	at com.alibaba.dubbo.rpc.protocol.ProtocolFilterWrapper.export(ProtocolFilterWrapper.java:98)
	at com.alibaba.dubbo.rpc.Protocol$Adaptive.export(Protocol$Adaptive.java)
	at com.alibaba.dubbo.config.ServiceConfig.doExportUrlsFor1Protocol(ServiceConfig.java:506)
	at com.alibaba.dubbo.config.ServiceConfig.doExportUrls(ServiceConfig.java:358)
	at com.alibaba.dubbo.config.ServiceConfig.doExport(ServiceConfig.java:317)
	at com.alibaba.dubbo.config.ServiceConfig.export(ServiceConfig.java:216)
	at com.alibaba.dubbo.config.spring.ServiceBean.onApplicationEvent(ServiceBean.java:123)
	at com.alibaba.dubbo.config.spring.ServiceBean.onApplicationEvent(ServiceBean.java:49)
	at org.springframework.context.event.SimpleApplicationEventMulticaster.doInvokeListener(SimpleApplicationEventMulticaster.java:172)
	at org.springframework.context.event.SimpleApplicationEventMulticaster.invokeListener(SimpleApplicationEventMulticaster.java:165)
	at org.springframework.context.event.SimpleApplicationEventMulticaster.multicastEvent(SimpleApplicationEventMulticaster.java:139)
	at org.springframework.context.support.AbstractApplicationContext.publishEvent(AbstractApplicationContext.java:398)
	at org.springframework.context.support.AbstractApplicationContext.publishEvent(AbstractApplicationContext.java:355)
	at org.springframework.context.support.AbstractApplicationContext.finishRefresh(AbstractApplicationContext.java:882)
	at org.springframework.boot.web.servlet.context.ServletWebServerApplicationContext.finishRefresh(ServletWebServerApplicationContext.java:163)
	at org.springframework.context.support.AbstractApplicationContext.refresh(AbstractApplicationContext.java:549)
	at org.springframework.boot.web.servlet.context.ServletWebServerApplicationContext.refresh(ServletWebServerApplicationContext.java:142)
	at org.springframework.boot.SpringApplication.refresh(SpringApplication.java:775)
	at org.springframework.boot.SpringApplication.refreshContext(SpringApplication.java:397)
	at org.springframework.boot.SpringApplication.run(SpringApplication.java:316)
	at org.springframework.boot.SpringApplication.run(SpringApplication.java:1260)
	at org.springframework.boot.SpringApplication.run(SpringApplication.java:1248)
	at com.zr.record.RecordMainApplication.main(RecordMainApplication.java:16)
Caused by: com.alibaba.dubbo.remoting.RemotingException: Failed to bind NettyServer on /10.85.1.10:20883, cause: Failed to bind to: /0.0.0.0:20883
	at com.alibaba.dubbo.remoting.transport.AbstractServer.<init>(AbstractServer.java:68)
	at com.alibaba.dubbo.remoting.transport.netty.NettyServer.<init>(NettyServer.java:61)
	at com.alibaba.dubbo.remoting.transport.netty.NettyTransporter.bind(NettyTransporter.java:32)
	at com.alibaba.dubbo.remoting.Transporter$Adaptive.bind(Transporter$Adaptive.java)
	at com.alibaba.dubbo.remoting.Transporters.bind(Transporters.java:56)
	at com.alibaba.dubbo.remoting.exchange.support.header.HeaderExchanger.bind(HeaderExchanger.java:44)
	at com.alibaba.dubbo.remoting.exchange.Exchangers.bind(Exchangers.java:70)
	at com.alibaba.dubbo.rpc.protocol.dubbo.DubboProtocol.createServer(DubboProtocol.java:284)
	... 33 common frames omitted
Caused by: org.jboss.netty.channel.ChannelException: Failed to bind to: /0.0.0.0:20883
	at org.jboss.netty.bootstrap.ServerBootstrap.bind(ServerBootstrap.java:303)
	at com.alibaba.dubbo.remoting.transport.netty.NettyServer.doOpen(NettyServer.java:93)
	at com.alibaba.dubbo.remoting.transport.AbstractServer.<init>(AbstractServer.java:63)
	... 40 common frames omitted
Caused by: java.net.BindException: Address already in use: bind
	at sun.nio.ch.Net.bind0(Native Method)
	at sun.nio.ch.Net.bind(Net.java:433)
	at sun.nio.ch.Net.bind(Net.java:425)
	at sun.nio.ch.ServerSocketChannelImpl.bind(ServerSocketChannelImpl.java:223)
	at sun.nio.ch.ServerSocketAdaptor.bind(ServerSocketAdaptor.java:74)
	at org.jboss.netty.channel.socket.nio.NioServerSocketPipelineSink.bind(NioServerSocketPipelineSink.java:148)
	at org.jboss.netty.channel.socket.nio.NioServerSocketPipelineSink.handleServerSocket(NioServerSocketPipelineSink.java:100)
	at org.jboss.netty.channel.socket.nio.NioServerSocketPipelineSink.eventSunk(NioServerSocketPipelineSink.java:74)
	at org.jboss.netty.channel.Channels.bind(Channels.java:468)
	at org.jboss.netty.channel.AbstractChannel.bind(AbstractChannel.java:192)
	at org.jboss.netty.bootstrap.ServerBootstrap$Binder.channelOpen(ServerBootstrap.java:348)
	at org.jboss.netty.channel.Channels.fireChannelOpen(Channels.java:176)
	at org.jboss.netty.channel.socket.nio.NioServerSocketChannel.<init>(NioServerSocketChannel.java:85)
	at org.jboss.netty.channel.socket.nio.NioServerSocketChannelFactory.newChannel(NioServerSocketChannelFactory.java:142)
	at org.jboss.netty.channel.socket.nio.NioServerSocketChannelFactory.newChannel(NioServerSocketChannelFactory.java:90)
	at org.jboss.netty.bootstrap.ServerBootstrap.bind(ServerBootstrap.java:282)
	... 42 common frames omitted
2024-01-10 16:48:19.804|WARN |monitor-service|23292||o.m.s.m.ClassPathMapperScanner|166 |No MyBatis mapper was found in '[com.zr.record]' package. Please check your configuration.
2024-01-10 16:48:19.869|WARN |monitor-service|23292||c.a.d.c.s.b.f.a.ServiceAnnotationBeanPostProcessor|265 | [DUBBO] The BeanDefinition[Root bean: class [com.alibaba.dubbo.config.spring.ServiceBean]; scope=; abstract=false; lazyInit=false; autowireMode=0; dependencyCheck=0; autowireCandidate=true; primary=false; factoryBeanName=null; factoryMethodName=null; initMethodName=null; destroyMethodName=null] of ServiceBean has been registered with name : ServiceBean:recordServiceImpl:com.zr.record.service.RecordService, dubbo version: 2.6.2, current host: 10.85.1.10
2024-01-10 16:49:51.774|WARN |monitor-service|17876||c.a.d.p.DruidAbstractDataSource|1494|discard long time none received connection. , jdbcUrl : jdbc:mysql://127.0.0.1:3306/ie_system?useSSL=false&useUnicode=true&characterEncoding=utf-8&serverTimezone=GMT, version : 1.2.8, lastPacketReceivedIdleMillis : 325835
2024-01-10 16:49:51.775|WARN |monitor-service|17876||c.a.d.p.DruidAbstractDataSource|1494|discard long time none received connection. , jdbcUrl : jdbc:mysql://127.0.0.1:3306/ie_system?useSSL=false&useUnicode=true&characterEncoding=utf-8&serverTimezone=GMT, version : 1.2.8, lastPacketReceivedIdleMillis : 325849
2024-01-10 16:49:51.776|WARN |monitor-service|17876||c.a.d.p.DruidAbstractDataSource|1494|discard long time none received connection. , jdbcUrl : jdbc:mysql://127.0.0.1:3306/ie_system?useSSL=false&useUnicode=true&characterEncoding=utf-8&serverTimezone=GMT, version : 1.2.8, lastPacketReceivedIdleMillis : 325855
2024-01-10 16:49:51.776|WARN |monitor-service|17876||c.a.d.p.DruidAbstractDataSource|1494|discard long time none received connection. , jdbcUrl : jdbc:mysql://127.0.0.1:3306/ie_system?useSSL=false&useUnicode=true&characterEncoding=utf-8&serverTimezone=GMT, version : 1.2.8, lastPacketReceivedIdleMillis : 325859
2024-01-10 16:49:51.777|WARN |monitor-service|17876||c.a.d.p.DruidAbstractDataSource|1494|discard long time none received connection. , jdbcUrl : jdbc:mysql://127.0.0.1:3306/ie_system?useSSL=false&useUnicode=true&characterEncoding=utf-8&serverTimezone=GMT, version : 1.2.8, lastPacketReceivedIdleMillis : 325868
2024-01-10 16:51:14.906|WARN |monitor-service|23292||c.a.d.r.t.AbstractServer |205 | [DUBBO] All clients has discontected from /10.85.1.10:20884. You can graceful shutdown now., dubbo version: 2.6.2, current host: 10.85.1.10
2024-01-10 16:51:14.991|WARN |monitor-service|17876||c.a.d.r.t.AbstractServer |205 | [DUBBO] All clients has discontected from /10.85.1.10:20883. You can graceful shutdown now., dubbo version: 2.6.2, current host: 10.85.1.10
2024-01-10 16:51:15.035|WARN |monitor-service|8644||c.a.d.r.t.AbstractServer |205 | [DUBBO] All clients has discontected from /10.85.1.10:20881. You can graceful shutdown now., dubbo version: 2.6.2, current host: 10.85.1.10
2024-01-10 17:29:44.108|WARN |monitor-service|7748||o.m.s.m.ClassPathMapperScanner|166 |No MyBatis mapper was found in '[com.zr.record]' package. Please check your configuration.
2024-01-10 17:29:44.241|WARN |monitor-service|7748||c.a.d.c.s.b.f.a.ServiceAnnotationBeanPostProcessor|265 | [DUBBO] The BeanDefinition[Root bean: class [com.alibaba.dubbo.config.spring.ServiceBean]; scope=; abstract=false; lazyInit=false; autowireMode=0; dependencyCheck=0; autowireCandidate=true; primary=false; factoryBeanName=null; factoryMethodName=null; initMethodName=null; destroyMethodName=null] of ServiceBean has been registered with name : ServiceBean:recordServiceImpl:com.zr.record.service.RecordService, dubbo version: 2.6.2, current host: 10.65.103.148
2024-01-10 17:29:59.327|WARN |monitor-service|14864||c.a.d.c.s.b.f.a.ServiceAnnotationBeanPostProcessor|265 | [DUBBO] The BeanDefinition[Root bean: class [com.alibaba.dubbo.config.spring.ServiceBean]; scope=; abstract=false; lazyInit=false; autowireMode=0; dependencyCheck=0; autowireCandidate=true; primary=false; factoryBeanName=null; factoryMethodName=null; initMethodName=null; destroyMethodName=null] of ServiceBean has been registered with name : ServiceBean:authServiceImpl:com.zr.auth.service.AuthService, dubbo version: 2.6.2, current host: 10.65.103.148
2024-01-10 17:30:08.720|WARN |monitor-service|25332||c.a.d.c.s.b.f.a.ServiceAnnotationBeanPostProcessor|265 | [DUBBO] The BeanDefinition[Root bean: class [com.alibaba.dubbo.config.spring.ServiceBean]; scope=; abstract=false; lazyInit=false; autowireMode=0; dependencyCheck=0; autowireCandidate=true; primary=false; factoryBeanName=null; factoryMethodName=null; initMethodName=null; destroyMethodName=null] of ServiceBean has been registered with name : ServiceBean:monitorServiceImpl:com.zr.monitor.service.MonitorService, dubbo version: 2.6.2, current host: 10.65.103.148
2024-01-10 17:35:58.846|WARN |monitor-service|7748||c.a.d.r.t.AbstractServer |205 | [DUBBO] All clients has discontected from /10.65.103.148:20884. You can graceful shutdown now., dubbo version: 2.6.2, current host: 10.65.103.148
2024-01-10 17:35:58.900|WARN |monitor-service|14864||c.a.d.r.t.AbstractServer |205 | [DUBBO] All clients has discontected from /10.65.103.148:20883. You can graceful shutdown now., dubbo version: 2.6.2, current host: 10.65.103.148
2024-01-10 17:35:58.967|WARN |monitor-service|25332||c.a.d.r.t.AbstractServer |205 | [DUBBO] All clients has discontected from /10.65.103.148:20881. You can graceful shutdown now., dubbo version: 2.6.2, current host: 10.65.103.148
2024-01-10 17:36:17.184|WARN |monitor-service|16568||o.m.s.m.ClassPathMapperScanner|166 |No MyBatis mapper was found in '[com.zr.record]' package. Please check your configuration.
2024-01-10 17:36:17.583|WARN |monitor-service|16568||c.a.d.c.s.b.f.a.ServiceAnnotationBeanPostProcessor|265 | [DUBBO] The BeanDefinition[Root bean: class [com.alibaba.dubbo.config.spring.ServiceBean]; scope=; abstract=false; lazyInit=false; autowireMode=0; dependencyCheck=0; autowireCandidate=true; primary=false; factoryBeanName=null; factoryMethodName=null; initMethodName=null; destroyMethodName=null] of ServiceBean has been registered with name : ServiceBean:recordServiceImpl:com.zr.record.service.RecordService, dubbo version: 2.6.2, current host: 10.65.103.148
2024-01-10 17:36:28.434|WARN |monitor-service|13588||c.a.d.c.s.b.f.a.ServiceAnnotationBeanPostProcessor|265 | [DUBBO] The BeanDefinition[Root bean: class [com.alibaba.dubbo.config.spring.ServiceBean]; scope=; abstract=false; lazyInit=false; autowireMode=0; dependencyCheck=0; autowireCandidate=true; primary=false; factoryBeanName=null; factoryMethodName=null; initMethodName=null; destroyMethodName=null] of ServiceBean has been registered with name : ServiceBean:authServiceImpl:com.zr.auth.service.AuthService, dubbo version: 2.6.2, current host: 10.65.103.148
2024-01-10 17:36:37.645|WARN |monitor-service|1340||c.a.d.c.s.b.f.a.ServiceAnnotationBeanPostProcessor|265 | [DUBBO] The BeanDefinition[Root bean: class [com.alibaba.dubbo.config.spring.ServiceBean]; scope=; abstract=false; lazyInit=false; autowireMode=0; dependencyCheck=0; autowireCandidate=true; primary=false; factoryBeanName=null; factoryMethodName=null; initMethodName=null; destroyMethodName=null] of ServiceBean has been registered with name : ServiceBean:monitorServiceImpl:com.zr.monitor.service.MonitorService, dubbo version: 2.6.2, current host: 10.65.103.148
2024-01-10 17:38:54.485|WARN |monitor-service|1340||c.a.d.r.t.AbstractServer |205 | [DUBBO] All clients has discontected from /10.65.103.148:20881. You can graceful shutdown now., dubbo version: 2.6.2, current host: 10.65.103.148
2024-01-10 17:38:54.487|WARN |monitor-service|16568||c.a.d.r.t.AbstractServer |205 | [DUBBO] All clients has discontected from /10.65.103.148:20884. You can graceful shutdown now., dubbo version: 2.6.2, current host: 10.65.103.148
2024-01-10 17:38:54.489|WARN |monitor-service|13588||c.a.d.r.t.AbstractServer |205 | [DUBBO] All clients has discontected from /10.65.103.148:20883. You can graceful shutdown now., dubbo version: 2.6.2, current host: 10.65.103.148
2024-01-10 20:31:09.936|WARN |monitor-service|1340||o.a.z.ClientCnxn         |1108|Client session timed out, have not heard from server in 4718389ms for sessionid 0x1005bc75f57000b
2024-01-10 20:31:09.937|WARN |monitor-service|13588||o.a.z.ClientCnxn         |1108|Client session timed out, have not heard from server in 4725938ms for sessionid 0x1005bc75f570009
2024-01-10 20:31:09.938|WARN |monitor-service|16568||o.a.z.ClientCnxn         |1108|Client session timed out, have not heard from server in 4721709ms for sessionid 0x1005bc75f570007
2024-01-10 20:31:10.585|WARN |monitor-service|13588||c.a.d.r.e.s.h.HeartBeatTask|70  | [DUBBO] Close channel NettyChannel [channel=[id: 0x07d87c61, /10.65.103.148:11985 => /10.65.103.148:20883]], because heartbeat read idle time out: 180000ms, dubbo version: 2.6.2, current host: 10.65.103.148
2024-01-10 20:31:10.591|WARN |monitor-service|13588||c.a.d.r.t.AbstractServer |205 | [DUBBO] All clients has discontected from /10.65.103.148:20883. You can graceful shutdown now., dubbo version: 2.6.2, current host: 10.65.103.148
2024-01-10 20:31:12.143|WARN |monitor-service|16568||o.a.z.ClientCnxn         |1285|Unable to reconnect to ZooKeeper service, session 0x1005bc75f570007 has expired
2024-01-10 20:31:12.145|WARN |monitor-service|16568||o.a.c.ConnectionState    |336 |Session expired event received
2024-01-10 20:31:12.153|WARN |monitor-service|13588||o.a.z.ClientCnxn         |1285|Unable to reconnect to ZooKeeper service, session 0x1005bc75f570009 has expired
2024-01-10 20:31:12.156|WARN |monitor-service|13588||o.a.c.ConnectionState    |336 |Session expired event received
2024-01-10 20:31:12.546|WARN |monitor-service|1340||o.a.z.ClientCnxn         |1285|Unable to reconnect to ZooKeeper service, session 0x1005bc75f57000b has expired
2024-01-10 20:31:12.548|WARN |monitor-service|1340||o.a.c.ConnectionState    |336 |Session expired event received
2024-01-10 20:31:16.130|WARN |monitor-service|1340||c.a.d.r.t.AbstractServer |205 | [DUBBO] All clients has discontected from /10.65.103.148:20881. You can graceful shutdown now., dubbo version: 2.6.2, current host: 10.65.103.148
2024-01-10 20:31:59.539|WARN |monitor-service|16568||c.a.d.r.t.AbstractServer |205 | [DUBBO] All clients has discontected from /10.65.103.148:20884. You can graceful shutdown now., dubbo version: 2.6.2, current host: 10.65.103.148
2024-01-10 21:37:12.567|WARN |monitor-service|16568||c.a.d.r.t.AbstractServer |205 | [DUBBO] All clients has discontected from /10.65.103.148:20884. You can graceful shutdown now., dubbo version: 2.6.2, current host: 10.65.103.148
2024-01-10 21:37:13.626|WARN |monitor-service|13588||c.a.d.r.t.AbstractServer |205 | [DUBBO] All clients has discontected from /10.65.103.148:20883. You can graceful shutdown now., dubbo version: 2.6.2, current host: 10.65.103.148
2024-01-10 21:37:14.626|WARN |monitor-service|1340||c.a.d.r.t.AbstractServer |205 | [DUBBO] All clients has discontected from /10.65.103.148:20881. You can graceful shutdown now., dubbo version: 2.6.2, current host: 10.65.103.148
