2024-01-11 17:33:30.244|WARN |monitor-service|1964||o.m.s.m.ClassPathMapperScanner|166 |No MyBatis mapper was found in '[com.zr.record]' package. Please check your configuration.
2024-01-11 17:33:30.887|WARN |monitor-service|1964||c.a.d.c.s.b.f.a.ServiceAnnotationBeanPostProcessor|265 | [DUBBO] The BeanDefinition[Root bean: class [com.alibaba.dubbo.config.spring.ServiceBean]; scope=; abstract=false; lazyInit=false; autowireMode=0; dependencyCheck=0; autowireCandidate=true; primary=false; factoryBeanName=null; factoryMethodName=null; initMethodName=null; destroyMethodName=null] of ServiceBean has been registered with name : ServiceBean:recordServiceImpl:com.zr.record.service.RecordService, dubbo version: 2.6.2, current host: 10.85.1.17
2024-01-11 17:33:39.058|WARN |monitor-service|12064||c.a.d.c.s.b.f.a.ServiceAnnotationBeanPostProcessor|265 | [DUBBO] The BeanDefinition[Root bean: class [com.alibaba.dubbo.config.spring.ServiceBean]; scope=; abstract=false; lazyInit=false; autowireMode=0; dependencyCheck=0; autowireCandidate=true; primary=false; factoryBeanName=null; factoryMethodName=null; initMethodName=null; destroyMethodName=null] of ServiceBean has been registered with name : ServiceBean:authServiceImpl:com.zr.auth.service.AuthService, dubbo version: 2.6.2, current host: 10.85.1.17
2024-01-11 17:33:46.685|WARN |monitor-service|17396||c.a.d.c.s.b.f.a.ServiceAnnotationBeanPostProcessor|265 | [DUBBO] The BeanDefinition[Root bean: class [com.alibaba.dubbo.config.spring.ServiceBean]; scope=; abstract=false; lazyInit=false; autowireMode=0; dependencyCheck=0; autowireCandidate=true; primary=false; factoryBeanName=null; factoryMethodName=null; initMethodName=null; destroyMethodName=null] of ServiceBean has been registered with name : ServiceBean:monitorServiceImpl:com.zr.monitor.service.MonitorService, dubbo version: 2.6.2, current host: 10.85.1.17
2024-01-11 17:38:46.950|WARN |monitor-service|12064||c.a.d.p.DruidAbstractDataSource|1494|discard long time none received connection. , jdbcUrl : jdbc:mysql://127.0.0.1:3306/ie_system?useSSL=false&useUnicode=true&characterEncoding=utf-8&serverTimezone=GMT, version : 1.2.8, lastPacketReceivedIdleMillis : 302660
2024-01-11 17:38:46.958|WARN |monitor-service|12064||c.a.d.p.DruidAbstractDataSource|1494|discard long time none received connection. , jdbcUrl : jdbc:mysql://127.0.0.1:3306/ie_system?useSSL=false&useUnicode=true&characterEncoding=utf-8&serverTimezone=GMT, version : 1.2.8, lastPacketReceivedIdleMillis : 302698
2024-01-11 17:38:48.534|WARN |monitor-service|17396||c.a.d.p.DruidAbstractDataSource|1494|discard long time none received connection. , jdbcUrl : jdbc:mysql://127.0.0.1:3306/ie_system?useSSL=false&useUnicode=true&characterEncoding=utf-8&serverTimezone=GMT, version : 1.2.8, lastPacketReceivedIdleMillis : 298292
2024-01-11 17:43:57.650|WARN |monitor-service|17396||o.a.z.ClientCnxn         |1162|Session 0x10003aa3bde0005 for server 127.0.0.1/127.0.0.1:2181, unexpected error, closing socket connection and attempting reconnect
java.io.IOException: 远程主机强迫关闭了一个现有的连接。
	at sun.nio.ch.SocketDispatcher.read0(Native Method)
	at sun.nio.ch.SocketDispatcher.read(SocketDispatcher.java:43)
	at sun.nio.ch.IOUtil.readIntoNativeBuffer(IOUtil.java:223)
	at sun.nio.ch.IOUtil.read(IOUtil.java:192)
	at sun.nio.ch.SocketChannelImpl.read(SocketChannelImpl.java:380)
	at org.apache.zookeeper.ClientCnxnSocketNIO.doIO(ClientCnxnSocketNIO.java:68)
	at org.apache.zookeeper.ClientCnxnSocketNIO.doTransport(ClientCnxnSocketNIO.java:366)
	at org.apache.zookeeper.ClientCnxn$SendThread.run(ClientCnxn.java:1141)
2024-01-11 17:43:57.652|WARN |monitor-service|1964||o.a.z.ClientCnxn         |1162|Session 0x10003aa3bde0003 for server 127.0.0.1/127.0.0.1:2181, unexpected error, closing socket connection and attempting reconnect
java.io.IOException: 远程主机强迫关闭了一个现有的连接。
	at sun.nio.ch.SocketDispatcher.read0(Native Method)
	at sun.nio.ch.SocketDispatcher.read(SocketDispatcher.java:43)
	at sun.nio.ch.IOUtil.readIntoNativeBuffer(IOUtil.java:223)
	at sun.nio.ch.IOUtil.read(IOUtil.java:192)
	at sun.nio.ch.SocketChannelImpl.read(SocketChannelImpl.java:380)
	at org.apache.zookeeper.ClientCnxnSocketNIO.doIO(ClientCnxnSocketNIO.java:68)
	at org.apache.zookeeper.ClientCnxnSocketNIO.doTransport(ClientCnxnSocketNIO.java:366)
	at org.apache.zookeeper.ClientCnxn$SendThread.run(ClientCnxn.java:1141)
2024-01-11 17:43:57.656|WARN |monitor-service|12064||o.a.z.ClientCnxn         |1162|Session 0x10003aa3bde0004 for server 127.0.0.1/127.0.0.1:2181, unexpected error, closing socket connection and attempting reconnect
java.io.IOException: 远程主机强迫关闭了一个现有的连接。
	at sun.nio.ch.SocketDispatcher.read0(Native Method)
	at sun.nio.ch.SocketDispatcher.read(SocketDispatcher.java:43)
	at sun.nio.ch.IOUtil.readIntoNativeBuffer(IOUtil.java:223)
	at sun.nio.ch.IOUtil.read(IOUtil.java:192)
	at sun.nio.ch.SocketChannelImpl.read(SocketChannelImpl.java:380)
	at org.apache.zookeeper.ClientCnxnSocketNIO.doIO(ClientCnxnSocketNIO.java:68)
	at org.apache.zookeeper.ClientCnxnSocketNIO.doTransport(ClientCnxnSocketNIO.java:366)
	at org.apache.zookeeper.ClientCnxn$SendThread.run(ClientCnxn.java:1141)
2024-01-11 17:44:00.918|WARN |monitor-service|12064||o.a.z.ClientCnxn         |1162|Session 0x10003aa3bde0004 for server null, unexpected error, closing socket connection and attempting reconnect
java.net.ConnectException: Connection refused: no further information
	at sun.nio.ch.SocketChannelImpl.checkConnect(Native Method)
	at sun.nio.ch.SocketChannelImpl.finishConnect(SocketChannelImpl.java:717)
	at org.apache.zookeeper.ClientCnxnSocketNIO.doTransport(ClientCnxnSocketNIO.java:361)
	at org.apache.zookeeper.ClientCnxn$SendThread.run(ClientCnxn.java:1141)
2024-01-11 17:44:01.012|WARN |monitor-service|17396||o.a.z.ClientCnxn         |1162|Session 0x10003aa3bde0005 for server null, unexpected error, closing socket connection and attempting reconnect
java.net.ConnectException: Connection refused: no further information
	at sun.nio.ch.SocketChannelImpl.checkConnect(Native Method)
	at sun.nio.ch.SocketChannelImpl.finishConnect(SocketChannelImpl.java:717)
	at org.apache.zookeeper.ClientCnxnSocketNIO.doTransport(ClientCnxnSocketNIO.java:361)
	at org.apache.zookeeper.ClientCnxn$SendThread.run(ClientCnxn.java:1141)
2024-01-11 17:44:01.697|WARN |monitor-service|1964||o.a.z.ClientCnxn         |1162|Session 0x10003aa3bde0003 for server null, unexpected error, closing socket connection and attempting reconnect
java.net.ConnectException: Connection refused: no further information
	at sun.nio.ch.SocketChannelImpl.checkConnect(Native Method)
	at sun.nio.ch.SocketChannelImpl.finishConnect(SocketChannelImpl.java:717)
	at org.apache.zookeeper.ClientCnxnSocketNIO.doTransport(ClientCnxnSocketNIO.java:361)
	at org.apache.zookeeper.ClientCnxn$SendThread.run(ClientCnxn.java:1141)
2024-01-11 17:44:02.820|ERROR|monitor-service|17396||o.a.c.ConnectionState    |228 |Connection timed out for connection string (127.0.0.1:2181) and timeout (5000) / elapsed (5052)
org.apache.curator.CuratorConnectionLossException: KeeperErrorCode = ConnectionLoss
	at org.apache.curator.ConnectionState.checkTimeouts(ConnectionState.java:225)
	at org.apache.curator.ConnectionState.getZooKeeper(ConnectionState.java:94)
	at org.apache.curator.CuratorZookeeperClient.getZooKeeper(CuratorZookeeperClient.java:117)
	at org.apache.curator.framework.imps.CuratorFrameworkImpl.performBackgroundOperation(CuratorFrameworkImpl.java:835)
	at org.apache.curator.framework.imps.CuratorFrameworkImpl.backgroundOperationsLoop(CuratorFrameworkImpl.java:809)
	at org.apache.curator.framework.imps.CuratorFrameworkImpl.access$300(CuratorFrameworkImpl.java:64)
	at org.apache.curator.framework.imps.CuratorFrameworkImpl$4.call(CuratorFrameworkImpl.java:267)
	at java.util.concurrent.FutureTask.run(FutureTask.java:266)
	at java.util.concurrent.ScheduledThreadPoolExecutor$ScheduledFutureTask.access$201(ScheduledThreadPoolExecutor.java:180)
	at java.util.concurrent.ScheduledThreadPoolExecutor$ScheduledFutureTask.run(ScheduledThreadPoolExecutor.java:293)
	at java.util.concurrent.ThreadPoolExecutor.runWorker(ThreadPoolExecutor.java:1149)
	at java.util.concurrent.ThreadPoolExecutor$Worker.run(ThreadPoolExecutor.java:624)
	at java.lang.Thread.run(Thread.java:748)
2024-01-11 17:44:02.822|ERROR|monitor-service|1964||o.a.c.ConnectionState    |228 |Connection timed out for connection string (127.0.0.1:2181) and timeout (5000) / elapsed (5052)
org.apache.curator.CuratorConnectionLossException: KeeperErrorCode = ConnectionLoss
	at org.apache.curator.ConnectionState.checkTimeouts(ConnectionState.java:225)
	at org.apache.curator.ConnectionState.getZooKeeper(ConnectionState.java:94)
	at org.apache.curator.CuratorZookeeperClient.getZooKeeper(CuratorZookeeperClient.java:117)
	at org.apache.curator.framework.imps.CuratorFrameworkImpl.performBackgroundOperation(CuratorFrameworkImpl.java:835)
	at org.apache.curator.framework.imps.CuratorFrameworkImpl.backgroundOperationsLoop(CuratorFrameworkImpl.java:809)
	at org.apache.curator.framework.imps.CuratorFrameworkImpl.access$300(CuratorFrameworkImpl.java:64)
	at org.apache.curator.framework.imps.CuratorFrameworkImpl$4.call(CuratorFrameworkImpl.java:267)
	at java.util.concurrent.FutureTask.run(FutureTask.java:266)
	at java.util.concurrent.ScheduledThreadPoolExecutor$ScheduledFutureTask.access$201(ScheduledThreadPoolExecutor.java:180)
	at java.util.concurrent.ScheduledThreadPoolExecutor$ScheduledFutureTask.run(ScheduledThreadPoolExecutor.java:293)
	at java.util.concurrent.ThreadPoolExecutor.runWorker(ThreadPoolExecutor.java:1149)
	at java.util.concurrent.ThreadPoolExecutor$Worker.run(ThreadPoolExecutor.java:624)
	at java.lang.Thread.run(Thread.java:748)
2024-01-11 17:44:02.836|ERROR|monitor-service|12064||o.a.c.ConnectionState    |228 |Connection timed out for connection string (127.0.0.1:2181) and timeout (5000) / elapsed (5066)
org.apache.curator.CuratorConnectionLossException: KeeperErrorCode = ConnectionLoss
	at org.apache.curator.ConnectionState.checkTimeouts(ConnectionState.java:225)
	at org.apache.curator.ConnectionState.getZooKeeper(ConnectionState.java:94)
	at org.apache.curator.CuratorZookeeperClient.getZooKeeper(CuratorZookeeperClient.java:117)
	at org.apache.curator.framework.imps.CuratorFrameworkImpl.performBackgroundOperation(CuratorFrameworkImpl.java:835)
	at org.apache.curator.framework.imps.CuratorFrameworkImpl.backgroundOperationsLoop(CuratorFrameworkImpl.java:809)
	at org.apache.curator.framework.imps.CuratorFrameworkImpl.access$300(CuratorFrameworkImpl.java:64)
	at org.apache.curator.framework.imps.CuratorFrameworkImpl$4.call(CuratorFrameworkImpl.java:267)
	at java.util.concurrent.FutureTask.run(FutureTask.java:266)
	at java.util.concurrent.ScheduledThreadPoolExecutor$ScheduledFutureTask.access$201(ScheduledThreadPoolExecutor.java:180)
	at java.util.concurrent.ScheduledThreadPoolExecutor$ScheduledFutureTask.run(ScheduledThreadPoolExecutor.java:293)
	at java.util.concurrent.ThreadPoolExecutor.runWorker(ThreadPoolExecutor.java:1149)
	at java.util.concurrent.ThreadPoolExecutor$Worker.run(ThreadPoolExecutor.java:624)
	at java.lang.Thread.run(Thread.java:748)
2024-01-11 17:44:03.832|ERROR|monitor-service|17396||o.a.c.ConnectionState    |228 |Connection timed out for connection string (127.0.0.1:2181) and timeout (5000) / elapsed (6066)
org.apache.curator.CuratorConnectionLossException: KeeperErrorCode = ConnectionLoss
	at org.apache.curator.ConnectionState.checkTimeouts(ConnectionState.java:225)
	at org.apache.curator.ConnectionState.getZooKeeper(ConnectionState.java:94)
	at org.apache.curator.CuratorZookeeperClient.getZooKeeper(CuratorZookeeperClient.java:117)
	at org.apache.curator.framework.imps.CuratorFrameworkImpl.performBackgroundOperation(CuratorFrameworkImpl.java:835)
	at org.apache.curator.framework.imps.CuratorFrameworkImpl.backgroundOperationsLoop(CuratorFrameworkImpl.java:809)
	at org.apache.curator.framework.imps.CuratorFrameworkImpl.access$300(CuratorFrameworkImpl.java:64)
	at org.apache.curator.framework.imps.CuratorFrameworkImpl$4.call(CuratorFrameworkImpl.java:267)
	at java.util.concurrent.FutureTask.run(FutureTask.java:266)
	at java.util.concurrent.ScheduledThreadPoolExecutor$ScheduledFutureTask.access$201(ScheduledThreadPoolExecutor.java:180)
	at java.util.concurrent.ScheduledThreadPoolExecutor$ScheduledFutureTask.run(ScheduledThreadPoolExecutor.java:293)
	at java.util.concurrent.ThreadPoolExecutor.runWorker(ThreadPoolExecutor.java:1149)
	at java.util.concurrent.ThreadPoolExecutor$Worker.run(ThreadPoolExecutor.java:624)
	at java.lang.Thread.run(Thread.java:748)
2024-01-11 17:44:03.832|ERROR|monitor-service|1964||o.a.c.ConnectionState    |228 |Connection timed out for connection string (127.0.0.1:2181) and timeout (5000) / elapsed (6065)
org.apache.curator.CuratorConnectionLossException: KeeperErrorCode = ConnectionLoss
	at org.apache.curator.ConnectionState.checkTimeouts(ConnectionState.java:225)
	at org.apache.curator.ConnectionState.getZooKeeper(ConnectionState.java:94)
	at org.apache.curator.CuratorZookeeperClient.getZooKeeper(CuratorZookeeperClient.java:117)
	at org.apache.curator.framework.imps.CuratorFrameworkImpl.performBackgroundOperation(CuratorFrameworkImpl.java:835)
	at org.apache.curator.framework.imps.CuratorFrameworkImpl.backgroundOperationsLoop(CuratorFrameworkImpl.java:809)
	at org.apache.curator.framework.imps.CuratorFrameworkImpl.access$300(CuratorFrameworkImpl.java:64)
	at org.apache.curator.framework.imps.CuratorFrameworkImpl$4.call(CuratorFrameworkImpl.java:267)
	at java.util.concurrent.FutureTask.run(FutureTask.java:266)
	at java.util.concurrent.ScheduledThreadPoolExecutor$ScheduledFutureTask.access$201(ScheduledThreadPoolExecutor.java:180)
	at java.util.concurrent.ScheduledThreadPoolExecutor$ScheduledFutureTask.run(ScheduledThreadPoolExecutor.java:293)
	at java.util.concurrent.ThreadPoolExecutor.runWorker(ThreadPoolExecutor.java:1149)
	at java.util.concurrent.ThreadPoolExecutor$Worker.run(ThreadPoolExecutor.java:624)
	at java.lang.Thread.run(Thread.java:748)
2024-01-11 17:44:03.834|ERROR|monitor-service|17396||o.a.c.f.i.CuratorFrameworkImpl|557 |Background operation retry gave up
org.apache.zookeeper.KeeperException$ConnectionLossException: KeeperErrorCode = ConnectionLoss
	at org.apache.zookeeper.KeeperException.create(KeeperException.java:99)
	at org.apache.curator.framework.imps.CuratorFrameworkImpl.checkBackgroundRetry(CuratorFrameworkImpl.java:728)
	at org.apache.curator.framework.imps.CuratorFrameworkImpl.performBackgroundOperation(CuratorFrameworkImpl.java:857)
	at org.apache.curator.framework.imps.CuratorFrameworkImpl.backgroundOperationsLoop(CuratorFrameworkImpl.java:809)
	at org.apache.curator.framework.imps.CuratorFrameworkImpl.access$300(CuratorFrameworkImpl.java:64)
	at org.apache.curator.framework.imps.CuratorFrameworkImpl$4.call(CuratorFrameworkImpl.java:267)
	at java.util.concurrent.FutureTask.run(FutureTask.java:266)
	at java.util.concurrent.ScheduledThreadPoolExecutor$ScheduledFutureTask.access$201(ScheduledThreadPoolExecutor.java:180)
	at java.util.concurrent.ScheduledThreadPoolExecutor$ScheduledFutureTask.run(ScheduledThreadPoolExecutor.java:293)
	at java.util.concurrent.ThreadPoolExecutor.runWorker(ThreadPoolExecutor.java:1149)
	at java.util.concurrent.ThreadPoolExecutor$Worker.run(ThreadPoolExecutor.java:624)
	at java.lang.Thread.run(Thread.java:748)
2024-01-11 17:44:03.834|ERROR|monitor-service|1964||o.a.c.f.i.CuratorFrameworkImpl|557 |Background operation retry gave up
org.apache.zookeeper.KeeperException$ConnectionLossException: KeeperErrorCode = ConnectionLoss
	at org.apache.zookeeper.KeeperException.create(KeeperException.java:99)
	at org.apache.curator.framework.imps.CuratorFrameworkImpl.checkBackgroundRetry(CuratorFrameworkImpl.java:728)
	at org.apache.curator.framework.imps.CuratorFrameworkImpl.performBackgroundOperation(CuratorFrameworkImpl.java:857)
	at org.apache.curator.framework.imps.CuratorFrameworkImpl.backgroundOperationsLoop(CuratorFrameworkImpl.java:809)
	at org.apache.curator.framework.imps.CuratorFrameworkImpl.access$300(CuratorFrameworkImpl.java:64)
	at org.apache.curator.framework.imps.CuratorFrameworkImpl$4.call(CuratorFrameworkImpl.java:267)
	at java.util.concurrent.FutureTask.run(FutureTask.java:266)
	at java.util.concurrent.ScheduledThreadPoolExecutor$ScheduledFutureTask.access$201(ScheduledThreadPoolExecutor.java:180)
	at java.util.concurrent.ScheduledThreadPoolExecutor$ScheduledFutureTask.run(ScheduledThreadPoolExecutor.java:293)
	at java.util.concurrent.ThreadPoolExecutor.runWorker(ThreadPoolExecutor.java:1149)
	at java.util.concurrent.ThreadPoolExecutor$Worker.run(ThreadPoolExecutor.java:624)
	at java.lang.Thread.run(Thread.java:748)
2024-01-11 17:44:03.836|ERROR|monitor-service|17396||o.a.c.f.i.CuratorFrameworkImpl|557 |Background retry gave up
org.apache.curator.CuratorConnectionLossException: KeeperErrorCode = ConnectionLoss
	at org.apache.curator.ConnectionState.checkTimeouts(ConnectionState.java:225)
	at org.apache.curator.ConnectionState.getZooKeeper(ConnectionState.java:94)
	at org.apache.curator.CuratorZookeeperClient.getZooKeeper(CuratorZookeeperClient.java:117)
	at org.apache.curator.framework.imps.CuratorFrameworkImpl.performBackgroundOperation(CuratorFrameworkImpl.java:835)
	at org.apache.curator.framework.imps.CuratorFrameworkImpl.backgroundOperationsLoop(CuratorFrameworkImpl.java:809)
	at org.apache.curator.framework.imps.CuratorFrameworkImpl.access$300(CuratorFrameworkImpl.java:64)
	at org.apache.curator.framework.imps.CuratorFrameworkImpl$4.call(CuratorFrameworkImpl.java:267)
	at java.util.concurrent.FutureTask.run(FutureTask.java:266)
	at java.util.concurrent.ScheduledThreadPoolExecutor$ScheduledFutureTask.access$201(ScheduledThreadPoolExecutor.java:180)
	at java.util.concurrent.ScheduledThreadPoolExecutor$ScheduledFutureTask.run(ScheduledThreadPoolExecutor.java:293)
	at java.util.concurrent.ThreadPoolExecutor.runWorker(ThreadPoolExecutor.java:1149)
	at java.util.concurrent.ThreadPoolExecutor$Worker.run(ThreadPoolExecutor.java:624)
	at java.lang.Thread.run(Thread.java:748)
2024-01-11 17:44:03.836|ERROR|monitor-service|1964||o.a.c.f.i.CuratorFrameworkImpl|557 |Background retry gave up
org.apache.curator.CuratorConnectionLossException: KeeperErrorCode = ConnectionLoss
	at org.apache.curator.ConnectionState.checkTimeouts(ConnectionState.java:225)
	at org.apache.curator.ConnectionState.getZooKeeper(ConnectionState.java:94)
	at org.apache.curator.CuratorZookeeperClient.getZooKeeper(CuratorZookeeperClient.java:117)
	at org.apache.curator.framework.imps.CuratorFrameworkImpl.performBackgroundOperation(CuratorFrameworkImpl.java:835)
	at org.apache.curator.framework.imps.CuratorFrameworkImpl.backgroundOperationsLoop(CuratorFrameworkImpl.java:809)
	at org.apache.curator.framework.imps.CuratorFrameworkImpl.access$300(CuratorFrameworkImpl.java:64)
	at org.apache.curator.framework.imps.CuratorFrameworkImpl$4.call(CuratorFrameworkImpl.java:267)
	at java.util.concurrent.FutureTask.run(FutureTask.java:266)
	at java.util.concurrent.ScheduledThreadPoolExecutor$ScheduledFutureTask.access$201(ScheduledThreadPoolExecutor.java:180)
	at java.util.concurrent.ScheduledThreadPoolExecutor$ScheduledFutureTask.run(ScheduledThreadPoolExecutor.java:293)
	at java.util.concurrent.ThreadPoolExecutor.runWorker(ThreadPoolExecutor.java:1149)
	at java.util.concurrent.ThreadPoolExecutor$Worker.run(ThreadPoolExecutor.java:624)
	at java.lang.Thread.run(Thread.java:748)
2024-01-11 17:44:03.847|ERROR|monitor-service|12064||o.a.c.ConnectionState    |228 |Connection timed out for connection string (127.0.0.1:2181) and timeout (5000) / elapsed (6080)
org.apache.curator.CuratorConnectionLossException: KeeperErrorCode = ConnectionLoss
	at org.apache.curator.ConnectionState.checkTimeouts(ConnectionState.java:225)
	at org.apache.curator.ConnectionState.getZooKeeper(ConnectionState.java:94)
	at org.apache.curator.CuratorZookeeperClient.getZooKeeper(CuratorZookeeperClient.java:117)
	at org.apache.curator.framework.imps.CuratorFrameworkImpl.performBackgroundOperation(CuratorFrameworkImpl.java:835)
	at org.apache.curator.framework.imps.CuratorFrameworkImpl.backgroundOperationsLoop(CuratorFrameworkImpl.java:809)
	at org.apache.curator.framework.imps.CuratorFrameworkImpl.access$300(CuratorFrameworkImpl.java:64)
	at org.apache.curator.framework.imps.CuratorFrameworkImpl$4.call(CuratorFrameworkImpl.java:267)
	at java.util.concurrent.FutureTask.run(FutureTask.java:266)
	at java.util.concurrent.ScheduledThreadPoolExecutor$ScheduledFutureTask.access$201(ScheduledThreadPoolExecutor.java:180)
	at java.util.concurrent.ScheduledThreadPoolExecutor$ScheduledFutureTask.run(ScheduledThreadPoolExecutor.java:293)
	at java.util.concurrent.ThreadPoolExecutor.runWorker(ThreadPoolExecutor.java:1149)
	at java.util.concurrent.ThreadPoolExecutor$Worker.run(ThreadPoolExecutor.java:624)
	at java.lang.Thread.run(Thread.java:748)
2024-01-11 17:44:03.850|ERROR|monitor-service|12064||o.a.c.f.i.CuratorFrameworkImpl|557 |Background operation retry gave up
org.apache.zookeeper.KeeperException$ConnectionLossException: KeeperErrorCode = ConnectionLoss
	at org.apache.zookeeper.KeeperException.create(KeeperException.java:99)
	at org.apache.curator.framework.imps.CuratorFrameworkImpl.checkBackgroundRetry(CuratorFrameworkImpl.java:728)
	at org.apache.curator.framework.imps.CuratorFrameworkImpl.performBackgroundOperation(CuratorFrameworkImpl.java:857)
	at org.apache.curator.framework.imps.CuratorFrameworkImpl.backgroundOperationsLoop(CuratorFrameworkImpl.java:809)
	at org.apache.curator.framework.imps.CuratorFrameworkImpl.access$300(CuratorFrameworkImpl.java:64)
	at org.apache.curator.framework.imps.CuratorFrameworkImpl$4.call(CuratorFrameworkImpl.java:267)
	at java.util.concurrent.FutureTask.run(FutureTask.java:266)
	at java.util.concurrent.ScheduledThreadPoolExecutor$ScheduledFutureTask.access$201(ScheduledThreadPoolExecutor.java:180)
	at java.util.concurrent.ScheduledThreadPoolExecutor$ScheduledFutureTask.run(ScheduledThreadPoolExecutor.java:293)
	at java.util.concurrent.ThreadPoolExecutor.runWorker(ThreadPoolExecutor.java:1149)
	at java.util.concurrent.ThreadPoolExecutor$Worker.run(ThreadPoolExecutor.java:624)
	at java.lang.Thread.run(Thread.java:748)
2024-01-11 17:44:03.853|ERROR|monitor-service|12064||o.a.c.f.i.CuratorFrameworkImpl|557 |Background retry gave up
org.apache.curator.CuratorConnectionLossException: KeeperErrorCode = ConnectionLoss
	at org.apache.curator.ConnectionState.checkTimeouts(ConnectionState.java:225)
	at org.apache.curator.ConnectionState.getZooKeeper(ConnectionState.java:94)
	at org.apache.curator.CuratorZookeeperClient.getZooKeeper(CuratorZookeeperClient.java:117)
	at org.apache.curator.framework.imps.CuratorFrameworkImpl.performBackgroundOperation(CuratorFrameworkImpl.java:835)
	at org.apache.curator.framework.imps.CuratorFrameworkImpl.backgroundOperationsLoop(CuratorFrameworkImpl.java:809)
	at org.apache.curator.framework.imps.CuratorFrameworkImpl.access$300(CuratorFrameworkImpl.java:64)
	at org.apache.curator.framework.imps.CuratorFrameworkImpl$4.call(CuratorFrameworkImpl.java:267)
	at java.util.concurrent.FutureTask.run(FutureTask.java:266)
	at java.util.concurrent.ScheduledThreadPoolExecutor$ScheduledFutureTask.access$201(ScheduledThreadPoolExecutor.java:180)
	at java.util.concurrent.ScheduledThreadPoolExecutor$ScheduledFutureTask.run(ScheduledThreadPoolExecutor.java:293)
	at java.util.concurrent.ThreadPoolExecutor.runWorker(ThreadPoolExecutor.java:1149)
	at java.util.concurrent.ThreadPoolExecutor$Worker.run(ThreadPoolExecutor.java:624)
	at java.lang.Thread.run(Thread.java:748)
2024-01-11 17:44:04.220|WARN |monitor-service|17396||o.a.z.ClientCnxn         |1162|Session 0x10003aa3bde0005 for server null, unexpected error, closing socket connection and attempting reconnect
java.net.ConnectException: Connection refused: no further information
	at sun.nio.ch.SocketChannelImpl.checkConnect(Native Method)
	at sun.nio.ch.SocketChannelImpl.finishConnect(SocketChannelImpl.java:717)
	at org.apache.zookeeper.ClientCnxnSocketNIO.doTransport(ClientCnxnSocketNIO.java:361)
	at org.apache.zookeeper.ClientCnxn$SendThread.run(ClientCnxn.java:1141)
2024-01-11 17:44:04.872|WARN |monitor-service|12064||o.a.z.ClientCnxn         |1162|Session 0x10003aa3bde0004 for server null, unexpected error, closing socket connection and attempting reconnect
java.net.ConnectException: Connection refused: no further information
	at sun.nio.ch.SocketChannelImpl.checkConnect(Native Method)
	at sun.nio.ch.SocketChannelImpl.finishConnect(SocketChannelImpl.java:717)
	at org.apache.zookeeper.ClientCnxnSocketNIO.doTransport(ClientCnxnSocketNIO.java:361)
	at org.apache.zookeeper.ClientCnxn$SendThread.run(ClientCnxn.java:1141)
2024-01-11 17:44:04.903|WARN |monitor-service|1964||o.a.z.ClientCnxn         |1162|Session 0x10003aa3bde0003 for server null, unexpected error, closing socket connection and attempting reconnect
java.net.ConnectException: Connection refused: no further information
	at sun.nio.ch.SocketChannelImpl.checkConnect(Native Method)
	at sun.nio.ch.SocketChannelImpl.finishConnect(SocketChannelImpl.java:717)
	at org.apache.zookeeper.ClientCnxnSocketNIO.doTransport(ClientCnxnSocketNIO.java:361)
	at org.apache.zookeeper.ClientCnxn$SendThread.run(ClientCnxn.java:1141)
2024-01-11 17:44:05.387|ERROR|monitor-service|1964||o.a.c.ConnectionState    |228 |Connection timed out for connection string (127.0.0.1:2181) and timeout (5000) / elapsed (7620)
org.apache.curator.CuratorConnectionLossException: KeeperErrorCode = ConnectionLoss
	at org.apache.curator.ConnectionState.checkTimeouts(ConnectionState.java:225)
	at org.apache.curator.ConnectionState.getZooKeeper(ConnectionState.java:94)
	at org.apache.curator.CuratorZookeeperClient.getZooKeeper(CuratorZookeeperClient.java:117)
	at org.apache.curator.framework.imps.CuratorFrameworkImpl.getZooKeeper(CuratorFrameworkImpl.java:489)
	at org.apache.curator.framework.imps.DeleteBuilderImpl$5.call(DeleteBuilderImpl.java:250)
	at org.apache.curator.framework.imps.DeleteBuilderImpl$5.call(DeleteBuilderImpl.java:244)
	at org.apache.curator.RetryLoop.callWithRetry(RetryLoop.java:109)
	at org.apache.curator.framework.imps.DeleteBuilderImpl.pathInForeground(DeleteBuilderImpl.java:241)
	at org.apache.curator.framework.imps.DeleteBuilderImpl.forPath(DeleteBuilderImpl.java:225)
	at org.apache.curator.framework.imps.DeleteBuilderImpl.forPath(DeleteBuilderImpl.java:35)
	at com.alibaba.dubbo.remoting.zookeeper.curator.CuratorZookeeperClient.delete(CuratorZookeeperClient.java:96)
	at com.alibaba.dubbo.registry.zookeeper.ZookeeperRegistry.doUnregister(ZookeeperRegistry.java:123)
	at com.alibaba.dubbo.registry.support.FailbackRegistry.unregister(FailbackRegistry.java:161)
	at com.alibaba.dubbo.registry.support.AbstractRegistry.destroy(AbstractRegistry.java:458)
	at com.alibaba.dubbo.registry.support.FailbackRegistry.destroy(FailbackRegistry.java:437)
	at com.alibaba.dubbo.registry.zookeeper.ZookeeperRegistry.destroy(ZookeeperRegistry.java:103)
	at com.alibaba.dubbo.registry.support.AbstractRegistryFactory.destroyAll(AbstractRegistryFactory.java:71)
	at com.alibaba.dubbo.config.ProtocolConfig.destroyAll(ProtocolConfig.java:158)
	at com.alibaba.dubbo.config.AbstractConfig$1.run(AbstractConfig.java:83)
	at java.lang.Thread.run(Thread.java:748)
2024-01-11 17:44:05.418|ERROR|monitor-service|12064||o.a.c.ConnectionState    |228 |Connection timed out for connection string (127.0.0.1:2181) and timeout (5000) / elapsed (7651)
org.apache.curator.CuratorConnectionLossException: KeeperErrorCode = ConnectionLoss
	at org.apache.curator.ConnectionState.checkTimeouts(ConnectionState.java:225)
	at org.apache.curator.ConnectionState.getZooKeeper(ConnectionState.java:94)
	at org.apache.curator.CuratorZookeeperClient.getZooKeeper(CuratorZookeeperClient.java:117)
	at org.apache.curator.framework.imps.CuratorFrameworkImpl.getZooKeeper(CuratorFrameworkImpl.java:489)
	at org.apache.curator.framework.imps.DeleteBuilderImpl$5.call(DeleteBuilderImpl.java:250)
	at org.apache.curator.framework.imps.DeleteBuilderImpl$5.call(DeleteBuilderImpl.java:244)
	at org.apache.curator.RetryLoop.callWithRetry(RetryLoop.java:109)
	at org.apache.curator.framework.imps.DeleteBuilderImpl.pathInForeground(DeleteBuilderImpl.java:241)
	at org.apache.curator.framework.imps.DeleteBuilderImpl.forPath(DeleteBuilderImpl.java:225)
	at org.apache.curator.framework.imps.DeleteBuilderImpl.forPath(DeleteBuilderImpl.java:35)
	at com.alibaba.dubbo.remoting.zookeeper.curator.CuratorZookeeperClient.delete(CuratorZookeeperClient.java:96)
	at com.alibaba.dubbo.registry.zookeeper.ZookeeperRegistry.doUnregister(ZookeeperRegistry.java:123)
	at com.alibaba.dubbo.registry.support.FailbackRegistry.unregister(FailbackRegistry.java:161)
	at com.alibaba.dubbo.registry.support.AbstractRegistry.destroy(AbstractRegistry.java:458)
	at com.alibaba.dubbo.registry.support.FailbackRegistry.destroy(FailbackRegistry.java:437)
	at com.alibaba.dubbo.registry.zookeeper.ZookeeperRegistry.destroy(ZookeeperRegistry.java:103)
	at com.alibaba.dubbo.registry.support.AbstractRegistryFactory.destroyAll(AbstractRegistryFactory.java:71)
	at com.alibaba.dubbo.config.ProtocolConfig.destroyAll(ProtocolConfig.java:158)
	at com.alibaba.dubbo.config.AbstractConfig$1.run(AbstractConfig.java:83)
	at java.lang.Thread.run(Thread.java:748)
2024-01-11 17:44:05.449|ERROR|monitor-service|17396||o.a.c.ConnectionState    |228 |Connection timed out for connection string (127.0.0.1:2181) and timeout (5000) / elapsed (7683)
org.apache.curator.CuratorConnectionLossException: KeeperErrorCode = ConnectionLoss
	at org.apache.curator.ConnectionState.checkTimeouts(ConnectionState.java:225)
	at org.apache.curator.ConnectionState.getZooKeeper(ConnectionState.java:94)
	at org.apache.curator.CuratorZookeeperClient.getZooKeeper(CuratorZookeeperClient.java:117)
	at org.apache.curator.framework.imps.CuratorFrameworkImpl.getZooKeeper(CuratorFrameworkImpl.java:489)
	at org.apache.curator.framework.imps.DeleteBuilderImpl$5.call(DeleteBuilderImpl.java:250)
	at org.apache.curator.framework.imps.DeleteBuilderImpl$5.call(DeleteBuilderImpl.java:244)
	at org.apache.curator.RetryLoop.callWithRetry(RetryLoop.java:109)
	at org.apache.curator.framework.imps.DeleteBuilderImpl.pathInForeground(DeleteBuilderImpl.java:241)
	at org.apache.curator.framework.imps.DeleteBuilderImpl.forPath(DeleteBuilderImpl.java:225)
	at org.apache.curator.framework.imps.DeleteBuilderImpl.forPath(DeleteBuilderImpl.java:35)
	at com.alibaba.dubbo.remoting.zookeeper.curator.CuratorZookeeperClient.delete(CuratorZookeeperClient.java:96)
	at com.alibaba.dubbo.registry.zookeeper.ZookeeperRegistry.doUnregister(ZookeeperRegistry.java:123)
	at com.alibaba.dubbo.registry.support.FailbackRegistry.unregister(FailbackRegistry.java:161)
	at com.alibaba.dubbo.registry.support.AbstractRegistry.destroy(AbstractRegistry.java:458)
	at com.alibaba.dubbo.registry.support.FailbackRegistry.destroy(FailbackRegistry.java:437)
	at com.alibaba.dubbo.registry.zookeeper.ZookeeperRegistry.destroy(ZookeeperRegistry.java:103)
	at com.alibaba.dubbo.registry.support.AbstractRegistryFactory.destroyAll(AbstractRegistryFactory.java:71)
	at com.alibaba.dubbo.config.ProtocolConfig.destroyAll(ProtocolConfig.java:158)
	at com.alibaba.dubbo.config.AbstractConfig$1.run(AbstractConfig.java:83)
	at java.lang.Thread.run(Thread.java:748)
2024-01-11 17:44:07.551|WARN |monitor-service|17396||o.a.z.ClientCnxn         |1162|Session 0x10003aa3bde0005 for server null, unexpected error, closing socket connection and attempting reconnect
java.net.ConnectException: Connection refused: no further information
	at sun.nio.ch.SocketChannelImpl.checkConnect(Native Method)
	at sun.nio.ch.SocketChannelImpl.finishConnect(SocketChannelImpl.java:717)
	at org.apache.zookeeper.ClientCnxnSocketNIO.doTransport(ClientCnxnSocketNIO.java:361)
	at org.apache.zookeeper.ClientCnxn$SendThread.run(ClientCnxn.java:1141)
2024-01-11 17:44:08.066|WARN |monitor-service|1964||o.a.z.ClientCnxn         |1162|Session 0x10003aa3bde0003 for server null, unexpected error, closing socket connection and attempting reconnect
java.net.ConnectException: Connection refused: no further information
	at sun.nio.ch.SocketChannelImpl.checkConnect(Native Method)
	at sun.nio.ch.SocketChannelImpl.finishConnect(SocketChannelImpl.java:717)
	at org.apache.zookeeper.ClientCnxnSocketNIO.doTransport(ClientCnxnSocketNIO.java:361)
	at org.apache.zookeeper.ClientCnxn$SendThread.run(ClientCnxn.java:1141)
2024-01-11 17:44:09.000|WARN |monitor-service|12064||o.a.z.ClientCnxn         |1162|Session 0x10003aa3bde0004 for server null, unexpected error, closing socket connection and attempting reconnect
java.net.ConnectException: Connection refused: no further information
	at sun.nio.ch.SocketChannelImpl.checkConnect(Native Method)
	at sun.nio.ch.SocketChannelImpl.finishConnect(SocketChannelImpl.java:717)
	at org.apache.zookeeper.ClientCnxnSocketNIO.doTransport(ClientCnxnSocketNIO.java:361)
	at org.apache.zookeeper.ClientCnxn$SendThread.run(ClientCnxn.java:1141)
2024-01-11 17:44:11.451|ERROR|monitor-service|1964||o.a.c.ConnectionState    |228 |Connection timed out for connection string (127.0.0.1:2181) and timeout (5000) / elapsed (13684)
org.apache.curator.CuratorConnectionLossException: KeeperErrorCode = ConnectionLoss
	at org.apache.curator.ConnectionState.checkTimeouts(ConnectionState.java:225)
	at org.apache.curator.ConnectionState.getZooKeeper(ConnectionState.java:94)
	at org.apache.curator.CuratorZookeeperClient.getZooKeeper(CuratorZookeeperClient.java:117)
	at org.apache.curator.framework.imps.CuratorFrameworkImpl.getZooKeeper(CuratorFrameworkImpl.java:489)
	at org.apache.curator.framework.imps.DeleteBuilderImpl$5.call(DeleteBuilderImpl.java:250)
	at org.apache.curator.framework.imps.DeleteBuilderImpl$5.call(DeleteBuilderImpl.java:244)
	at org.apache.curator.RetryLoop.callWithRetry(RetryLoop.java:109)
	at org.apache.curator.framework.imps.DeleteBuilderImpl.pathInForeground(DeleteBuilderImpl.java:241)
	at org.apache.curator.framework.imps.DeleteBuilderImpl.forPath(DeleteBuilderImpl.java:225)
	at org.apache.curator.framework.imps.DeleteBuilderImpl.forPath(DeleteBuilderImpl.java:35)
	at com.alibaba.dubbo.remoting.zookeeper.curator.CuratorZookeeperClient.delete(CuratorZookeeperClient.java:96)
	at com.alibaba.dubbo.registry.zookeeper.ZookeeperRegistry.doUnregister(ZookeeperRegistry.java:123)
	at com.alibaba.dubbo.registry.support.FailbackRegistry.unregister(FailbackRegistry.java:161)
	at com.alibaba.dubbo.registry.support.AbstractRegistry.destroy(AbstractRegistry.java:458)
	at com.alibaba.dubbo.registry.support.FailbackRegistry.destroy(FailbackRegistry.java:437)
	at com.alibaba.dubbo.registry.zookeeper.ZookeeperRegistry.destroy(ZookeeperRegistry.java:103)
	at com.alibaba.dubbo.registry.support.AbstractRegistryFactory.destroyAll(AbstractRegistryFactory.java:71)
	at com.alibaba.dubbo.config.ProtocolConfig.destroyAll(ProtocolConfig.java:158)
	at com.alibaba.dubbo.config.AbstractConfig$1.run(AbstractConfig.java:83)
	at java.lang.Thread.run(Thread.java:748)
2024-01-11 17:44:11.455|WARN |monitor-service|1964||c.a.d.r.z.ZookeeperRegistry|463 | [DUBBO] Failed to unregister url dubbo://10.85.1.17:20884/com.zr.record.service.RecordService?anyhost=true&application=monitor-recordservice-provider&dubbo=2.6.2&generic=false&interface=com.zr.record.service.RecordService&methods=checkRecord&pid=1964&side=provider&timestamp=1704965619844 to registry zookeeper://127.0.0.1:2181/com.alibaba.dubbo.registry.RegistryService?application=monitor-recordservice-provider&dubbo=2.6.2&interface=com.alibaba.dubbo.registry.RegistryService&pid=1964&timestamp=1704965619821 on destroy, cause: Failed to unregister dubbo://10.85.1.17:20884/com.zr.record.service.RecordService?anyhost=true&application=monitor-recordservice-provider&dubbo=2.6.2&generic=false&interface=com.zr.record.service.RecordService&methods=checkRecord&pid=1964&side=provider&timestamp=1704965619844 to registry 127.0.0.1:2181, cause: Failed to unregister dubbo://10.85.1.17:20884/com.zr.record.service.RecordService?anyhost=true&application=monitor-recordservice-provider&dubbo=2.6.2&generic=false&interface=com.zr.record.service.RecordService&methods=checkRecord&pid=1964&side=provider&timestamp=1704965619844 to zookeeper zookeeper://127.0.0.1:2181/com.alibaba.dubbo.registry.RegistryService?application=monitor-recordservice-provider&dubbo=2.6.2&interface=com.alibaba.dubbo.registry.RegistryService&pid=1964&timestamp=1704965619821, cause: KeeperErrorCode = ConnectionLoss, dubbo version: 2.6.2, current host: 10.85.1.17
java.lang.IllegalStateException: Failed to unregister dubbo://10.85.1.17:20884/com.zr.record.service.RecordService?anyhost=true&application=monitor-recordservice-provider&dubbo=2.6.2&generic=false&interface=com.zr.record.service.RecordService&methods=checkRecord&pid=1964&side=provider&timestamp=1704965619844 to registry 127.0.0.1:2181, cause: Failed to unregister dubbo://10.85.1.17:20884/com.zr.record.service.RecordService?anyhost=true&application=monitor-recordservice-provider&dubbo=2.6.2&generic=false&interface=com.zr.record.service.RecordService&methods=checkRecord&pid=1964&side=provider&timestamp=1704965619844 to zookeeper zookeeper://127.0.0.1:2181/com.alibaba.dubbo.registry.RegistryService?application=monitor-recordservice-provider&dubbo=2.6.2&interface=com.alibaba.dubbo.registry.RegistryService&pid=1964&timestamp=1704965619821, cause: KeeperErrorCode = ConnectionLoss
	at com.alibaba.dubbo.registry.support.FailbackRegistry.unregister(FailbackRegistry.java:174)
	at com.alibaba.dubbo.registry.support.AbstractRegistry.destroy(AbstractRegistry.java:458)
	at com.alibaba.dubbo.registry.support.FailbackRegistry.destroy(FailbackRegistry.java:437)
	at com.alibaba.dubbo.registry.zookeeper.ZookeeperRegistry.destroy(ZookeeperRegistry.java:103)
	at com.alibaba.dubbo.registry.support.AbstractRegistryFactory.destroyAll(AbstractRegistryFactory.java:71)
	at com.alibaba.dubbo.config.ProtocolConfig.destroyAll(ProtocolConfig.java:158)
	at com.alibaba.dubbo.config.AbstractConfig$1.run(AbstractConfig.java:83)
	at java.lang.Thread.run(Thread.java:748)
Caused by: com.alibaba.dubbo.rpc.RpcException: Failed to unregister dubbo://10.85.1.17:20884/com.zr.record.service.RecordService?anyhost=true&application=monitor-recordservice-provider&dubbo=2.6.2&generic=false&interface=com.zr.record.service.RecordService&methods=checkRecord&pid=1964&side=provider&timestamp=1704965619844 to zookeeper zookeeper://127.0.0.1:2181/com.alibaba.dubbo.registry.RegistryService?application=monitor-recordservice-provider&dubbo=2.6.2&interface=com.alibaba.dubbo.registry.RegistryService&pid=1964&timestamp=1704965619821, cause: KeeperErrorCode = ConnectionLoss
	at com.alibaba.dubbo.registry.zookeeper.ZookeeperRegistry.doUnregister(ZookeeperRegistry.java:125)
	at com.alibaba.dubbo.registry.support.FailbackRegistry.unregister(FailbackRegistry.java:161)
	... 7 common frames omitted
Caused by: java.lang.IllegalStateException: KeeperErrorCode = ConnectionLoss
	at com.alibaba.dubbo.remoting.zookeeper.curator.CuratorZookeeperClient.delete(CuratorZookeeperClient.java:99)
	at com.alibaba.dubbo.registry.zookeeper.ZookeeperRegistry.doUnregister(ZookeeperRegistry.java:123)
	... 8 common frames omitted
Caused by: org.apache.curator.CuratorConnectionLossException: KeeperErrorCode = ConnectionLoss
	at org.apache.curator.ConnectionState.checkTimeouts(ConnectionState.java:225)
	at org.apache.curator.ConnectionState.getZooKeeper(ConnectionState.java:94)
	at org.apache.curator.CuratorZookeeperClient.getZooKeeper(CuratorZookeeperClient.java:117)
	at org.apache.curator.framework.imps.CuratorFrameworkImpl.getZooKeeper(CuratorFrameworkImpl.java:489)
	at org.apache.curator.framework.imps.DeleteBuilderImpl$5.call(DeleteBuilderImpl.java:250)
	at org.apache.curator.framework.imps.DeleteBuilderImpl$5.call(DeleteBuilderImpl.java:244)
	at org.apache.curator.RetryLoop.callWithRetry(RetryLoop.java:109)
	at org.apache.curator.framework.imps.DeleteBuilderImpl.pathInForeground(DeleteBuilderImpl.java:241)
	at org.apache.curator.framework.imps.DeleteBuilderImpl.forPath(DeleteBuilderImpl.java:225)
	at org.apache.curator.framework.imps.DeleteBuilderImpl.forPath(DeleteBuilderImpl.java:35)
	at com.alibaba.dubbo.remoting.zookeeper.curator.CuratorZookeeperClient.delete(CuratorZookeeperClient.java:96)
	... 9 common frames omitted
2024-01-11 17:44:11.466|ERROR|monitor-service|12064||o.a.c.ConnectionState    |228 |Connection timed out for connection string (127.0.0.1:2181) and timeout (5000) / elapsed (13699)
org.apache.curator.CuratorConnectionLossException: KeeperErrorCode = ConnectionLoss
	at org.apache.curator.ConnectionState.checkTimeouts(ConnectionState.java:225)
	at org.apache.curator.ConnectionState.getZooKeeper(ConnectionState.java:94)
	at org.apache.curator.CuratorZookeeperClient.getZooKeeper(CuratorZookeeperClient.java:117)
	at org.apache.curator.framework.imps.CuratorFrameworkImpl.getZooKeeper(CuratorFrameworkImpl.java:489)
	at org.apache.curator.framework.imps.DeleteBuilderImpl$5.call(DeleteBuilderImpl.java:250)
	at org.apache.curator.framework.imps.DeleteBuilderImpl$5.call(DeleteBuilderImpl.java:244)
	at org.apache.curator.RetryLoop.callWithRetry(RetryLoop.java:109)
	at org.apache.curator.framework.imps.DeleteBuilderImpl.pathInForeground(DeleteBuilderImpl.java:241)
	at org.apache.curator.framework.imps.DeleteBuilderImpl.forPath(DeleteBuilderImpl.java:225)
	at org.apache.curator.framework.imps.DeleteBuilderImpl.forPath(DeleteBuilderImpl.java:35)
	at com.alibaba.dubbo.remoting.zookeeper.curator.CuratorZookeeperClient.delete(CuratorZookeeperClient.java:96)
	at com.alibaba.dubbo.registry.zookeeper.ZookeeperRegistry.doUnregister(ZookeeperRegistry.java:123)
	at com.alibaba.dubbo.registry.support.FailbackRegistry.unregister(FailbackRegistry.java:161)
	at com.alibaba.dubbo.registry.support.AbstractRegistry.destroy(AbstractRegistry.java:458)
	at com.alibaba.dubbo.registry.support.FailbackRegistry.destroy(FailbackRegistry.java:437)
	at com.alibaba.dubbo.registry.zookeeper.ZookeeperRegistry.destroy(ZookeeperRegistry.java:103)
	at com.alibaba.dubbo.registry.support.AbstractRegistryFactory.destroyAll(AbstractRegistryFactory.java:71)
	at com.alibaba.dubbo.config.ProtocolConfig.destroyAll(ProtocolConfig.java:158)
	at com.alibaba.dubbo.config.AbstractConfig$1.run(AbstractConfig.java:83)
	at java.lang.Thread.run(Thread.java:748)
2024-01-11 17:44:11.470|WARN |monitor-service|12064||c.a.d.r.z.ZookeeperRegistry|463 | [DUBBO] Failed to unregister url dubbo://10.85.1.17:20883/com.zr.auth.service.AuthService?anyhost=true&application=monitor-authservice-provider&dubbo=2.6.2&generic=false&interface=com.zr.auth.service.AuthService&methods=loadUserByUsername&pid=12064&side=provider&timestamp=1704965628486 to registry zookeeper://127.0.0.1:2181/com.alibaba.dubbo.registry.RegistryService?application=monitor-authservice-provider&dubbo=2.6.2&interface=com.alibaba.dubbo.registry.RegistryService&pid=12064&timestamp=1704965628159 on destroy, cause: Failed to unregister dubbo://10.85.1.17:20883/com.zr.auth.service.AuthService?anyhost=true&application=monitor-authservice-provider&dubbo=2.6.2&generic=false&interface=com.zr.auth.service.AuthService&methods=loadUserByUsername&pid=12064&side=provider&timestamp=1704965628486 to registry 127.0.0.1:2181, cause: Failed to unregister dubbo://10.85.1.17:20883/com.zr.auth.service.AuthService?anyhost=true&application=monitor-authservice-provider&dubbo=2.6.2&generic=false&interface=com.zr.auth.service.AuthService&methods=loadUserByUsername&pid=12064&side=provider&timestamp=1704965628486 to zookeeper zookeeper://127.0.0.1:2181/com.alibaba.dubbo.registry.RegistryService?application=monitor-authservice-provider&dubbo=2.6.2&interface=com.alibaba.dubbo.registry.RegistryService&pid=12064&timestamp=1704965628159, cause: KeeperErrorCode = ConnectionLoss, dubbo version: 2.6.2, current host: 10.85.1.17
java.lang.IllegalStateException: Failed to unregister dubbo://10.85.1.17:20883/com.zr.auth.service.AuthService?anyhost=true&application=monitor-authservice-provider&dubbo=2.6.2&generic=false&interface=com.zr.auth.service.AuthService&methods=loadUserByUsername&pid=12064&side=provider&timestamp=1704965628486 to registry 127.0.0.1:2181, cause: Failed to unregister dubbo://10.85.1.17:20883/com.zr.auth.service.AuthService?anyhost=true&application=monitor-authservice-provider&dubbo=2.6.2&generic=false&interface=com.zr.auth.service.AuthService&methods=loadUserByUsername&pid=12064&side=provider&timestamp=1704965628486 to zookeeper zookeeper://127.0.0.1:2181/com.alibaba.dubbo.registry.RegistryService?application=monitor-authservice-provider&dubbo=2.6.2&interface=com.alibaba.dubbo.registry.RegistryService&pid=12064&timestamp=1704965628159, cause: KeeperErrorCode = ConnectionLoss
	at com.alibaba.dubbo.registry.support.FailbackRegistry.unregister(FailbackRegistry.java:174)
	at com.alibaba.dubbo.registry.support.AbstractRegistry.destroy(AbstractRegistry.java:458)
	at com.alibaba.dubbo.registry.support.FailbackRegistry.destroy(FailbackRegistry.java:437)
	at com.alibaba.dubbo.registry.zookeeper.ZookeeperRegistry.destroy(ZookeeperRegistry.java:103)
	at com.alibaba.dubbo.registry.support.AbstractRegistryFactory.destroyAll(AbstractRegistryFactory.java:71)
	at com.alibaba.dubbo.config.ProtocolConfig.destroyAll(ProtocolConfig.java:158)
	at com.alibaba.dubbo.config.AbstractConfig$1.run(AbstractConfig.java:83)
	at java.lang.Thread.run(Thread.java:748)
Caused by: com.alibaba.dubbo.rpc.RpcException: Failed to unregister dubbo://10.85.1.17:20883/com.zr.auth.service.AuthService?anyhost=true&application=monitor-authservice-provider&dubbo=2.6.2&generic=false&interface=com.zr.auth.service.AuthService&methods=loadUserByUsername&pid=12064&side=provider&timestamp=1704965628486 to zookeeper zookeeper://127.0.0.1:2181/com.alibaba.dubbo.registry.RegistryService?application=monitor-authservice-provider&dubbo=2.6.2&interface=com.alibaba.dubbo.registry.RegistryService&pid=12064&timestamp=1704965628159, cause: KeeperErrorCode = ConnectionLoss
	at com.alibaba.dubbo.registry.zookeeper.ZookeeperRegistry.doUnregister(ZookeeperRegistry.java:125)
	at com.alibaba.dubbo.registry.support.FailbackRegistry.unregister(FailbackRegistry.java:161)
	... 7 common frames omitted
Caused by: java.lang.IllegalStateException: KeeperErrorCode = ConnectionLoss
	at com.alibaba.dubbo.remoting.zookeeper.curator.CuratorZookeeperClient.delete(CuratorZookeeperClient.java:99)
	at com.alibaba.dubbo.registry.zookeeper.ZookeeperRegistry.doUnregister(ZookeeperRegistry.java:123)
	... 8 common frames omitted
Caused by: org.apache.curator.CuratorConnectionLossException: KeeperErrorCode = ConnectionLoss
	at org.apache.curator.ConnectionState.checkTimeouts(ConnectionState.java:225)
	at org.apache.curator.ConnectionState.getZooKeeper(ConnectionState.java:94)
	at org.apache.curator.CuratorZookeeperClient.getZooKeeper(CuratorZookeeperClient.java:117)
	at org.apache.curator.framework.imps.CuratorFrameworkImpl.getZooKeeper(CuratorFrameworkImpl.java:489)
	at org.apache.curator.framework.imps.DeleteBuilderImpl$5.call(DeleteBuilderImpl.java:250)
	at org.apache.curator.framework.imps.DeleteBuilderImpl$5.call(DeleteBuilderImpl.java:244)
	at org.apache.curator.RetryLoop.callWithRetry(RetryLoop.java:109)
	at org.apache.curator.framework.imps.DeleteBuilderImpl.pathInForeground(DeleteBuilderImpl.java:241)
	at org.apache.curator.framework.imps.DeleteBuilderImpl.forPath(DeleteBuilderImpl.java:225)
	at org.apache.curator.framework.imps.DeleteBuilderImpl.forPath(DeleteBuilderImpl.java:35)
	at com.alibaba.dubbo.remoting.zookeeper.curator.CuratorZookeeperClient.delete(CuratorZookeeperClient.java:96)
	... 9 common frames omitted
2024-01-11 17:44:11.544|ERROR|monitor-service|17396||o.a.c.ConnectionState    |228 |Connection timed out for connection string (127.0.0.1:2181) and timeout (5000) / elapsed (13778)
org.apache.curator.CuratorConnectionLossException: KeeperErrorCode = ConnectionLoss
	at org.apache.curator.ConnectionState.checkTimeouts(ConnectionState.java:225)
	at org.apache.curator.ConnectionState.getZooKeeper(ConnectionState.java:94)
	at org.apache.curator.CuratorZookeeperClient.getZooKeeper(CuratorZookeeperClient.java:117)
	at org.apache.curator.framework.imps.CuratorFrameworkImpl.getZooKeeper(CuratorFrameworkImpl.java:489)
	at org.apache.curator.framework.imps.DeleteBuilderImpl$5.call(DeleteBuilderImpl.java:250)
	at org.apache.curator.framework.imps.DeleteBuilderImpl$5.call(DeleteBuilderImpl.java:244)
	at org.apache.curator.RetryLoop.callWithRetry(RetryLoop.java:109)
	at org.apache.curator.framework.imps.DeleteBuilderImpl.pathInForeground(DeleteBuilderImpl.java:241)
	at org.apache.curator.framework.imps.DeleteBuilderImpl.forPath(DeleteBuilderImpl.java:225)
	at org.apache.curator.framework.imps.DeleteBuilderImpl.forPath(DeleteBuilderImpl.java:35)
	at com.alibaba.dubbo.remoting.zookeeper.curator.CuratorZookeeperClient.delete(CuratorZookeeperClient.java:96)
	at com.alibaba.dubbo.registry.zookeeper.ZookeeperRegistry.doUnregister(ZookeeperRegistry.java:123)
	at com.alibaba.dubbo.registry.support.FailbackRegistry.unregister(FailbackRegistry.java:161)
	at com.alibaba.dubbo.registry.support.AbstractRegistry.destroy(AbstractRegistry.java:458)
	at com.alibaba.dubbo.registry.support.FailbackRegistry.destroy(FailbackRegistry.java:437)
	at com.alibaba.dubbo.registry.zookeeper.ZookeeperRegistry.destroy(ZookeeperRegistry.java:103)
	at com.alibaba.dubbo.registry.support.AbstractRegistryFactory.destroyAll(AbstractRegistryFactory.java:71)
	at com.alibaba.dubbo.config.ProtocolConfig.destroyAll(ProtocolConfig.java:158)
	at com.alibaba.dubbo.config.AbstractConfig$1.run(AbstractConfig.java:83)
	at java.lang.Thread.run(Thread.java:748)
2024-01-11 17:44:11.547|WARN |monitor-service|17396||c.a.d.r.z.ZookeeperRegistry|463 | [DUBBO] Failed to unregister url dubbo://10.85.1.17:20881/com.zr.monitor.service.MonitorService?anyhost=true&application=monitor-service-provider&dubbo=2.6.2&generic=false&interface=com.zr.monitor.service.MonitorService&methods=getReportByTime,getReportByStation,getReportByComponent&pid=17396&side=provider&timestamp=1704965631710 to registry zookeeper://127.0.0.1:2181/com.alibaba.dubbo.registry.RegistryService?application=monitor-service-provider&dubbo=2.6.2&interface=com.alibaba.dubbo.registry.RegistryService&pid=17396&timestamp=1704965631702 on destroy, cause: Failed to unregister dubbo://10.85.1.17:20881/com.zr.monitor.service.MonitorService?anyhost=true&application=monitor-service-provider&dubbo=2.6.2&generic=false&interface=com.zr.monitor.service.MonitorService&methods=getReportByTime,getReportByStation,getReportByComponent&pid=17396&side=provider&timestamp=1704965631710 to registry 127.0.0.1:2181, cause: Failed to unregister dubbo://10.85.1.17:20881/com.zr.monitor.service.MonitorService?anyhost=true&application=monitor-service-provider&dubbo=2.6.2&generic=false&interface=com.zr.monitor.service.MonitorService&methods=getReportByTime,getReportByStation,getReportByComponent&pid=17396&side=provider&timestamp=1704965631710 to zookeeper zookeeper://127.0.0.1:2181/com.alibaba.dubbo.registry.RegistryService?application=monitor-service-provider&dubbo=2.6.2&interface=com.alibaba.dubbo.registry.RegistryService&pid=17396&timestamp=1704965631702, cause: KeeperErrorCode = ConnectionLoss, dubbo version: 2.6.2, current host: 10.85.1.17
java.lang.IllegalStateException: Failed to unregister dubbo://10.85.1.17:20881/com.zr.monitor.service.MonitorService?anyhost=true&application=monitor-service-provider&dubbo=2.6.2&generic=false&interface=com.zr.monitor.service.MonitorService&methods=getReportByTime,getReportByStation,getReportByComponent&pid=17396&side=provider&timestamp=1704965631710 to registry 127.0.0.1:2181, cause: Failed to unregister dubbo://10.85.1.17:20881/com.zr.monitor.service.MonitorService?anyhost=true&application=monitor-service-provider&dubbo=2.6.2&generic=false&interface=com.zr.monitor.service.MonitorService&methods=getReportByTime,getReportByStation,getReportByComponent&pid=17396&side=provider&timestamp=1704965631710 to zookeeper zookeeper://127.0.0.1:2181/com.alibaba.dubbo.registry.RegistryService?application=monitor-service-provider&dubbo=2.6.2&interface=com.alibaba.dubbo.registry.RegistryService&pid=17396&timestamp=1704965631702, cause: KeeperErrorCode = ConnectionLoss
	at com.alibaba.dubbo.registry.support.FailbackRegistry.unregister(FailbackRegistry.java:174)
	at com.alibaba.dubbo.registry.support.AbstractRegistry.destroy(AbstractRegistry.java:458)
	at com.alibaba.dubbo.registry.support.FailbackRegistry.destroy(FailbackRegistry.java:437)
	at com.alibaba.dubbo.registry.zookeeper.ZookeeperRegistry.destroy(ZookeeperRegistry.java:103)
	at com.alibaba.dubbo.registry.support.AbstractRegistryFactory.destroyAll(AbstractRegistryFactory.java:71)
	at com.alibaba.dubbo.config.ProtocolConfig.destroyAll(ProtocolConfig.java:158)
	at com.alibaba.dubbo.config.AbstractConfig$1.run(AbstractConfig.java:83)
	at java.lang.Thread.run(Thread.java:748)
Caused by: com.alibaba.dubbo.rpc.RpcException: Failed to unregister dubbo://10.85.1.17:20881/com.zr.monitor.service.MonitorService?anyhost=true&application=monitor-service-provider&dubbo=2.6.2&generic=false&interface=com.zr.monitor.service.MonitorService&methods=getReportByTime,getReportByStation,getReportByComponent&pid=17396&side=provider&timestamp=1704965631710 to zookeeper zookeeper://127.0.0.1:2181/com.alibaba.dubbo.registry.RegistryService?application=monitor-service-provider&dubbo=2.6.2&interface=com.alibaba.dubbo.registry.RegistryService&pid=17396&timestamp=1704965631702, cause: KeeperErrorCode = ConnectionLoss
	at com.alibaba.dubbo.registry.zookeeper.ZookeeperRegistry.doUnregister(ZookeeperRegistry.java:125)
	at com.alibaba.dubbo.registry.support.FailbackRegistry.unregister(FailbackRegistry.java:161)
	... 7 common frames omitted
Caused by: java.lang.IllegalStateException: KeeperErrorCode = ConnectionLoss
	at com.alibaba.dubbo.remoting.zookeeper.curator.CuratorZookeeperClient.delete(CuratorZookeeperClient.java:99)
	at com.alibaba.dubbo.registry.zookeeper.ZookeeperRegistry.doUnregister(ZookeeperRegistry.java:123)
	... 8 common frames omitted
Caused by: org.apache.curator.CuratorConnectionLossException: KeeperErrorCode = ConnectionLoss
	at org.apache.curator.ConnectionState.checkTimeouts(ConnectionState.java:225)
	at org.apache.curator.ConnectionState.getZooKeeper(ConnectionState.java:94)
	at org.apache.curator.CuratorZookeeperClient.getZooKeeper(CuratorZookeeperClient.java:117)
	at org.apache.curator.framework.imps.CuratorFrameworkImpl.getZooKeeper(CuratorFrameworkImpl.java:489)
	at org.apache.curator.framework.imps.DeleteBuilderImpl$5.call(DeleteBuilderImpl.java:250)
	at org.apache.curator.framework.imps.DeleteBuilderImpl$5.call(DeleteBuilderImpl.java:244)
	at org.apache.curator.RetryLoop.callWithRetry(RetryLoop.java:109)
	at org.apache.curator.framework.imps.DeleteBuilderImpl.pathInForeground(DeleteBuilderImpl.java:241)
	at org.apache.curator.framework.imps.DeleteBuilderImpl.forPath(DeleteBuilderImpl.java:225)
	at org.apache.curator.framework.imps.DeleteBuilderImpl.forPath(DeleteBuilderImpl.java:35)
	at com.alibaba.dubbo.remoting.zookeeper.curator.CuratorZookeeperClient.delete(CuratorZookeeperClient.java:96)
	... 9 common frames omitted
2024-01-11 17:44:21.834|WARN |monitor-service|17396||c.a.d.r.t.AbstractServer |205 | [DUBBO] All clients has discontected from /10.85.1.17:20881. You can graceful shutdown now., dubbo version: 2.6.2, current host: 10.85.1.17
2024-01-11 17:44:22.137|WARN |monitor-service|1964||c.a.d.r.t.AbstractServer |205 | [DUBBO] All clients has discontected from /10.85.1.17:20884. You can graceful shutdown now., dubbo version: 2.6.2, current host: 10.85.1.17
2024-01-11 17:44:23.056|WARN |monitor-service|12064||c.a.d.r.t.AbstractServer |205 | [DUBBO] All clients has discontected from /10.85.1.17:20883. You can graceful shutdown now., dubbo version: 2.6.2, current host: 10.85.1.17
