2023-12-24 21:59:35.331|ERROR|monitor-consumer|832||o.s.b.SpringApplication  |858 |Application run failed
java.lang.IllegalStateException: Logback configuration error detected: 
ERROR in ch.qos.logback.core.joran.action.AppenderRefAction - Could not find an appender named [grpc-log]. Did you define it below instead of above in the configuration file?
ERROR in ch.qos.logback.core.joran.action.AppenderRefAction - See http://logback.qos.ch/codes.html#appender_order for more details.
	at org.springframework.boot.logging.logback.LogbackLoggingSystem.loadConfiguration(LogbackLoggingSystem.java:169)
	at org.springframework.boot.logging.logback.LogbackLoggingSystem.reinitialize(LogbackLoggingSystem.java:224)
	at org.springframework.boot.logging.AbstractLoggingSystem.initializeWithConventions(AbstractLoggingSystem.java:75)
	at org.springframework.boot.logging.AbstractLoggingSystem.initialize(AbstractLoggingSystem.java:60)
	at org.springframework.boot.logging.logback.LogbackLoggingSystem.initialize(LogbackLoggingSystem.java:117)
	at org.springframework.boot.context.logging.LoggingApplicationListener.initializeSystem(LoggingApplicationListener.java:293)
	at org.springframework.boot.context.logging.LoggingApplicationListener.initialize(LoggingApplicationListener.java:266)
	at org.springframework.boot.context.logging.LoggingApplicationListener.onApplicationEnvironmentPreparedEvent(LoggingApplicationListener.java:229)
	at org.springframework.boot.context.logging.LoggingApplicationListener.onApplicationEvent(LoggingApplicationListener.java:202)
	at org.springframework.context.event.SimpleApplicationEventMulticaster.doInvokeListener(SimpleApplicationEventMulticaster.java:172)
	at org.springframework.context.event.SimpleApplicationEventMulticaster.invokeListener(SimpleApplicationEventMulticaster.java:165)
	at org.springframework.context.event.SimpleApplicationEventMulticaster.multicastEvent(SimpleApplicationEventMulticaster.java:139)
	at org.springframework.context.event.SimpleApplicationEventMulticaster.multicastEvent(SimpleApplicationEventMulticaster.java:127)
	at org.springframework.boot.context.event.EventPublishingRunListener.environmentPrepared(EventPublishingRunListener.java:75)
	at org.springframework.boot.SpringApplicationRunListeners.environmentPrepared(SpringApplicationRunListeners.java:54)
	at org.springframework.boot.SpringApplication.prepareEnvironment(SpringApplication.java:347)
	at org.springframework.boot.SpringApplication.run(SpringApplication.java:306)
	at org.springframework.boot.SpringApplication.run(SpringApplication.java:1260)
	at org.springframework.boot.SpringApplication.run(SpringApplication.java:1248)
	at com.zr.monitor.MonitorsystemMainApplication.main(AsystemMainApplication.java:13)
2023-12-25 22:19:53.287|WARN |monitor-consumer|20560||c.a.d.c.AbstractConfig   |484 | [DUBBO] null, dubbo version: 2.6.2, current host: 10.85.1.17
java.lang.reflect.InvocationTargetException: null
	at sun.reflect.NativeMethodAccessorImpl.invoke0(Native Method)
	at sun.reflect.NativeMethodAccessorImpl.invoke(NativeMethodAccessorImpl.java:62)
	at sun.reflect.DelegatingMethodAccessorImpl.invoke(DelegatingMethodAccessorImpl.java:43)
	at java.lang.reflect.Method.invoke(Method.java:498)
	at com.alibaba.dubbo.config.AbstractConfig.toString(AbstractConfig.java:474)
	at java.lang.String.valueOf(String.java:2994)
	at java.lang.StringBuilder.append(StringBuilder.java:131)
	at com.alibaba.dubbo.config.spring.beans.factory.annotation.AbstractAnnotationConfigBeanBuilder.build(AbstractAnnotationConfigBeanBuilder.java:79)
	at com.alibaba.dubbo.config.spring.beans.factory.annotation.ReferenceAnnotationBeanPostProcessor.buildReferenceBean(ReferenceAnnotationBeanPostProcessor.java:385)
	at com.alibaba.dubbo.config.spring.beans.factory.annotation.ReferenceAnnotationBeanPostProcessor.access$100(ReferenceAnnotationBeanPostProcessor.java:65)
	at com.alibaba.dubbo.config.spring.beans.factory.annotation.ReferenceAnnotationBeanPostProcessor$ReferenceFieldElement.inject(ReferenceAnnotationBeanPostProcessor.java:363)
	at org.springframework.beans.factory.annotation.InjectionMetadata.inject(InjectionMetadata.java:90)
	at com.alibaba.dubbo.config.spring.beans.factory.annotation.ReferenceAnnotationBeanPostProcessor.postProcessPropertyValues(ReferenceAnnotationBeanPostProcessor.java:92)
	at org.springframework.beans.factory.support.AbstractAutowireCapableBeanFactory.populateBean(AbstractAutowireCapableBeanFactory.java:1383)
	at org.springframework.beans.factory.support.AbstractAutowireCapableBeanFactory.doCreateBean(AbstractAutowireCapableBeanFactory.java:575)
	at org.springframework.beans.factory.support.AbstractAutowireCapableBeanFactory.createBean(AbstractAutowireCapableBeanFactory.java:498)
	at org.springframework.beans.factory.support.AbstractBeanFactory.lambda$doGetBean$0(AbstractBeanFactory.java:320)
	at org.springframework.beans.factory.support.DefaultSingletonBeanRegistry.getSingleton(DefaultSingletonBeanRegistry.java:222)
	at org.springframework.beans.factory.support.AbstractBeanFactory.doGetBean(AbstractBeanFactory.java:318)
	at org.springframework.beans.factory.support.AbstractBeanFactory.getBean(AbstractBeanFactory.java:199)
	at org.springframework.beans.factory.support.DefaultListableBeanFactory.preInstantiateSingletons(DefaultListableBeanFactory.java:846)
	at org.springframework.context.support.AbstractApplicationContext.finishBeanFactoryInitialization(AbstractApplicationContext.java:863)
	at org.springframework.context.support.AbstractApplicationContext.refresh(AbstractApplicationContext.java:546)
	at org.springframework.boot.web.servlet.context.ServletWebServerApplicationContext.refresh(ServletWebServerApplicationContext.java:142)
	at org.springframework.boot.SpringApplication.refresh(SpringApplication.java:775)
	at org.springframework.boot.SpringApplication.refreshContext(SpringApplication.java:397)
	at org.springframework.boot.SpringApplication.run(SpringApplication.java:316)
	at org.springframework.boot.SpringApplication.run(SpringApplication.java:1260)
	at org.springframework.boot.SpringApplication.run(SpringApplication.java:1248)
	at com.zr.monitor.MonitorsystemMainApplication.main(MonitorsystemMainApplication.java:13)
Caused by: java.lang.IllegalStateException: Failed to check the status of the service com.zr.monitor.service.MonitorService. No provider available for the service com.zr.monitor.service.MonitorService from the url zookeeper://127.0.0.1:2181/com.alibaba.dubbo.registry.RegistryService?application=monitor-api-A&dubbo=2.6.2&interface=com.zr.monitor.service.MonitorService&methods=getReportByTime,getReportByStation,getReportByComponent&pid=20560&register.ip=10.85.1.17&side=consumer&timestamp=1703513992959 to the consumer 10.85.1.17 use dubbo version 2.6.2
	at com.alibaba.dubbo.config.ReferenceConfig.createProxy(ReferenceConfig.java:422)
	at com.alibaba.dubbo.config.ReferenceConfig.init(ReferenceConfig.java:333)
	at com.alibaba.dubbo.config.ReferenceConfig.get(ReferenceConfig.java:163)
	at com.alibaba.dubbo.config.spring.ReferenceBean.getObject(ReferenceBean.java:66)
	... 30 common frames omitted
2023-12-25 22:19:53.314|WARN |monitor-consumer|20560||c.a.d.c.AbstractConfig   |484 | [DUBBO] null, dubbo version: 2.6.2, current host: 10.85.1.17
java.lang.reflect.InvocationTargetException: null
	at sun.reflect.NativeMethodAccessorImpl.invoke0(Native Method)
	at sun.reflect.NativeMethodAccessorImpl.invoke(NativeMethodAccessorImpl.java:62)
	at sun.reflect.DelegatingMethodAccessorImpl.invoke(DelegatingMethodAccessorImpl.java:43)
	at java.lang.reflect.Method.invoke(Method.java:498)
	at com.alibaba.dubbo.config.AbstractConfig.toString(AbstractConfig.java:474)
	at java.lang.String.valueOf(String.java:2994)
	at java.lang.StringBuilder.append(StringBuilder.java:131)
	at com.alibaba.dubbo.config.spring.beans.factory.annotation.AbstractAnnotationConfigBeanBuilder.build(AbstractAnnotationConfigBeanBuilder.java:79)
	at com.alibaba.dubbo.config.spring.beans.factory.annotation.ReferenceAnnotationBeanPostProcessor.buildReferenceBean(ReferenceAnnotationBeanPostProcessor.java:385)
	at com.alibaba.dubbo.config.spring.beans.factory.annotation.ReferenceAnnotationBeanPostProcessor.access$100(ReferenceAnnotationBeanPostProcessor.java:65)
	at com.alibaba.dubbo.config.spring.beans.factory.annotation.ReferenceAnnotationBeanPostProcessor$ReferenceFieldElement.inject(ReferenceAnnotationBeanPostProcessor.java:363)
	at org.springframework.beans.factory.annotation.InjectionMetadata.inject(InjectionMetadata.java:90)
	at com.alibaba.dubbo.config.spring.beans.factory.annotation.ReferenceAnnotationBeanPostProcessor.postProcessPropertyValues(ReferenceAnnotationBeanPostProcessor.java:92)
	at org.springframework.beans.factory.support.AbstractAutowireCapableBeanFactory.populateBean(AbstractAutowireCapableBeanFactory.java:1383)
	at org.springframework.beans.factory.support.AbstractAutowireCapableBeanFactory.doCreateBean(AbstractAutowireCapableBeanFactory.java:575)
	at org.springframework.beans.factory.support.AbstractAutowireCapableBeanFactory.createBean(AbstractAutowireCapableBeanFactory.java:498)
	at org.springframework.beans.factory.support.AbstractBeanFactory.lambda$doGetBean$0(AbstractBeanFactory.java:320)
	at org.springframework.beans.factory.support.DefaultSingletonBeanRegistry.getSingleton(DefaultSingletonBeanRegistry.java:222)
	at org.springframework.beans.factory.support.AbstractBeanFactory.doGetBean(AbstractBeanFactory.java:318)
	at org.springframework.beans.factory.support.AbstractBeanFactory.getBean(AbstractBeanFactory.java:199)
	at org.springframework.beans.factory.support.DefaultListableBeanFactory.preInstantiateSingletons(DefaultListableBeanFactory.java:846)
	at org.springframework.context.support.AbstractApplicationContext.finishBeanFactoryInitialization(AbstractApplicationContext.java:863)
	at org.springframework.context.support.AbstractApplicationContext.refresh(AbstractApplicationContext.java:546)
	at org.springframework.boot.web.servlet.context.ServletWebServerApplicationContext.refresh(ServletWebServerApplicationContext.java:142)
	at org.springframework.boot.SpringApplication.refresh(SpringApplication.java:775)
	at org.springframework.boot.SpringApplication.refreshContext(SpringApplication.java:397)
	at org.springframework.boot.SpringApplication.run(SpringApplication.java:316)
	at org.springframework.boot.SpringApplication.run(SpringApplication.java:1260)
	at org.springframework.boot.SpringApplication.run(SpringApplication.java:1248)
	at com.zr.monitor.MonitorsystemMainApplication.main(MonitorsystemMainApplication.java:13)
Caused by: java.lang.IllegalStateException: Failed to check the status of the service com.zr.mailmonitor.service.MailService. No provider available for the service com.zr.mailmonitor.service.MailService from the url zookeeper://127.0.0.1:2181/com.alibaba.dubbo.registry.RegistryService?application=monitor-api-A&dubbo=2.6.2&interface=com.zr.mailmonitor.service.MailService&methods=sendWarningMail&pid=20560&register.ip=10.85.1.17&side=consumer&timeout=10000&timestamp=1703513993299 to the consumer 10.85.1.17 use dubbo version 2.6.2
	at com.alibaba.dubbo.config.ReferenceConfig.createProxy(ReferenceConfig.java:422)
	at com.alibaba.dubbo.config.ReferenceConfig.init(ReferenceConfig.java:333)
	at com.alibaba.dubbo.config.ReferenceConfig.get(ReferenceConfig.java:163)
	at com.alibaba.dubbo.config.spring.ReferenceBean.getObject(ReferenceBean.java:66)
	... 30 common frames omitted
